[2025-04-12T16:50:38.183+0000] {processor.py:161} INFO - Started process (PID=781) to work on /opt/airflow/dags/populate_enriched_table_dag.py
[2025-04-12T16:50:38.184+0000] {processor.py:830} INFO - Processing file /opt/airflow/dags/populate_enriched_table_dag.py for tasks to queue
[2025-04-12T16:50:38.186+0000] {logging_mixin.py:188} INFO - [2025-04-12T16:50:38.186+0000] {dagbag.py:538} INFO - Filling up the DagBag from /opt/airflow/dags/populate_enriched_table_dag.py
[2025-04-12T16:50:38.717+0000] {processor.py:840} INFO - DAG(s) 'populate_sampled_songs_enriched' retrieved from /opt/airflow/dags/populate_enriched_table_dag.py
[2025-04-12T16:50:38.777+0000] {logging_mixin.py:188} INFO - [2025-04-12T16:50:38.776+0000] {override.py:1769} INFO - Created Permission View: can delete on DAG:populate_sampled_songs_enriched
[2025-04-12T16:50:38.781+0000] {logging_mixin.py:188} INFO - [2025-04-12T16:50:38.781+0000] {override.py:1769} INFO - Created Permission View: can read on DAG:populate_sampled_songs_enriched
[2025-04-12T16:50:38.784+0000] {logging_mixin.py:188} INFO - [2025-04-12T16:50:38.784+0000] {override.py:1769} INFO - Created Permission View: can edit on DAG:populate_sampled_songs_enriched
[2025-04-12T16:50:38.784+0000] {logging_mixin.py:188} INFO - [2025-04-12T16:50:38.784+0000] {dag.py:3036} INFO - Sync 1 DAGs
[2025-04-12T16:50:38.789+0000] {logging_mixin.py:188} INFO - [2025-04-12T16:50:38.789+0000] {dag.py:3058} INFO - Creating ORM DAG for populate_sampled_songs_enriched
[2025-04-12T16:50:38.794+0000] {logging_mixin.py:188} INFO - [2025-04-12T16:50:38.794+0000] {dag.py:3823} INFO - Setting next_dagrun for populate_sampled_songs_enriched to 2025-04-11 00:00:00+00:00, run_after=2025-04-12 00:00:00+00:00
[2025-04-12T16:50:38.821+0000] {processor.py:183} INFO - Processing /opt/airflow/dags/populate_enriched_table_dag.py took 0.643 seconds
[2025-04-12T16:50:54.913+0000] {processor.py:161} INFO - Started process (PID=842) to work on /opt/airflow/dags/populate_enriched_table_dag.py
[2025-04-12T16:50:54.915+0000] {processor.py:830} INFO - Processing file /opt/airflow/dags/populate_enriched_table_dag.py for tasks to queue
[2025-04-12T16:50:54.919+0000] {logging_mixin.py:188} INFO - [2025-04-12T16:50:54.918+0000] {dagbag.py:538} INFO - Filling up the DagBag from /opt/airflow/dags/populate_enriched_table_dag.py
[2025-04-12T16:50:55.399+0000] {processor.py:840} INFO - DAG(s) 'populate_sampled_songs_enriched' retrieved from /opt/airflow/dags/populate_enriched_table_dag.py
[2025-04-12T16:50:55.406+0000] {logging_mixin.py:188} INFO - [2025-04-12T16:50:55.405+0000] {dag.py:3036} INFO - Sync 1 DAGs
[2025-04-12T16:50:55.416+0000] {logging_mixin.py:188} INFO - [2025-04-12T16:50:55.416+0000] {dag.py:3823} INFO - Setting next_dagrun for populate_sampled_songs_enriched to 2025-04-11 00:00:00+00:00, run_after=2025-04-12 00:00:00+00:00
[2025-04-12T16:50:55.425+0000] {processor.py:183} INFO - Processing /opt/airflow/dags/populate_enriched_table_dag.py took 0.526 seconds
[2025-04-12T16:51:25.783+0000] {processor.py:161} INFO - Started process (PID=918) to work on /opt/airflow/dags/populate_enriched_table_dag.py
[2025-04-12T16:51:25.784+0000] {processor.py:830} INFO - Processing file /opt/airflow/dags/populate_enriched_table_dag.py for tasks to queue
[2025-04-12T16:51:25.786+0000] {logging_mixin.py:188} INFO - [2025-04-12T16:51:25.785+0000] {dagbag.py:538} INFO - Filling up the DagBag from /opt/airflow/dags/populate_enriched_table_dag.py
[2025-04-12T16:51:26.196+0000] {processor.py:840} INFO - DAG(s) 'populate_sampled_songs_enriched' retrieved from /opt/airflow/dags/populate_enriched_table_dag.py
[2025-04-12T16:51:26.215+0000] {logging_mixin.py:188} INFO - [2025-04-12T16:51:26.215+0000] {dag.py:3036} INFO - Sync 1 DAGs
[2025-04-12T16:51:26.227+0000] {logging_mixin.py:188} INFO - [2025-04-12T16:51:26.226+0000] {dag.py:3823} INFO - Setting next_dagrun for populate_sampled_songs_enriched to 2025-04-11 00:00:00+00:00, run_after=2025-04-12 00:00:00+00:00
[2025-04-12T16:51:26.235+0000] {processor.py:183} INFO - Processing /opt/airflow/dags/populate_enriched_table_dag.py took 0.454 seconds
[2025-04-12T16:51:56.686+0000] {processor.py:161} INFO - Started process (PID=994) to work on /opt/airflow/dags/populate_enriched_table_dag.py
[2025-04-12T16:51:56.687+0000] {processor.py:830} INFO - Processing file /opt/airflow/dags/populate_enriched_table_dag.py for tasks to queue
[2025-04-12T16:51:56.690+0000] {logging_mixin.py:188} INFO - [2025-04-12T16:51:56.689+0000] {dagbag.py:538} INFO - Filling up the DagBag from /opt/airflow/dags/populate_enriched_table_dag.py
[2025-04-12T16:51:57.090+0000] {processor.py:840} INFO - DAG(s) 'populate_sampled_songs_enriched' retrieved from /opt/airflow/dags/populate_enriched_table_dag.py
[2025-04-12T16:51:57.107+0000] {logging_mixin.py:188} INFO - [2025-04-12T16:51:57.106+0000] {dag.py:3036} INFO - Sync 1 DAGs
[2025-04-12T16:51:57.117+0000] {logging_mixin.py:188} INFO - [2025-04-12T16:51:57.117+0000] {dag.py:3823} INFO - Setting next_dagrun for populate_sampled_songs_enriched to 2025-04-11 00:00:00+00:00, run_after=2025-04-12 00:00:00+00:00
[2025-04-12T16:51:57.124+0000] {processor.py:183} INFO - Processing /opt/airflow/dags/populate_enriched_table_dag.py took 0.458 seconds
[2025-04-12T16:52:27.741+0000] {processor.py:161} INFO - Started process (PID=1055) to work on /opt/airflow/dags/populate_enriched_table_dag.py
[2025-04-12T16:52:27.743+0000] {processor.py:830} INFO - Processing file /opt/airflow/dags/populate_enriched_table_dag.py for tasks to queue
[2025-04-12T16:52:27.745+0000] {logging_mixin.py:188} INFO - [2025-04-12T16:52:27.745+0000] {dagbag.py:538} INFO - Filling up the DagBag from /opt/airflow/dags/populate_enriched_table_dag.py
[2025-04-12T16:52:28.087+0000] {processor.py:840} INFO - DAG(s) 'populate_sampled_songs_enriched' retrieved from /opt/airflow/dags/populate_enriched_table_dag.py
[2025-04-12T16:52:28.098+0000] {logging_mixin.py:188} INFO - [2025-04-12T16:52:28.098+0000] {dag.py:3036} INFO - Sync 1 DAGs
[2025-04-12T16:52:28.111+0000] {logging_mixin.py:188} INFO - [2025-04-12T16:52:28.111+0000] {dag.py:3823} INFO - Setting next_dagrun for populate_sampled_songs_enriched to 2025-04-11 00:00:00+00:00, run_after=2025-04-12 00:00:00+00:00
[2025-04-12T16:52:28.128+0000] {processor.py:183} INFO - Processing /opt/airflow/dags/populate_enriched_table_dag.py took 0.393 seconds
[2025-04-12T16:52:58.174+0000] {processor.py:161} INFO - Started process (PID=1131) to work on /opt/airflow/dags/populate_enriched_table_dag.py
[2025-04-12T16:52:58.175+0000] {processor.py:830} INFO - Processing file /opt/airflow/dags/populate_enriched_table_dag.py for tasks to queue
[2025-04-12T16:52:58.177+0000] {logging_mixin.py:188} INFO - [2025-04-12T16:52:58.176+0000] {dagbag.py:538} INFO - Filling up the DagBag from /opt/airflow/dags/populate_enriched_table_dag.py
[2025-04-12T16:52:58.786+0000] {processor.py:840} INFO - DAG(s) 'populate_sampled_songs_enriched' retrieved from /opt/airflow/dags/populate_enriched_table_dag.py
[2025-04-12T16:52:58.801+0000] {logging_mixin.py:188} INFO - [2025-04-12T16:52:58.801+0000] {dag.py:3036} INFO - Sync 1 DAGs
[2025-04-12T16:52:58.810+0000] {logging_mixin.py:188} INFO - [2025-04-12T16:52:58.810+0000] {dag.py:3823} INFO - Setting next_dagrun for populate_sampled_songs_enriched to 2025-04-11 00:00:00+00:00, run_after=2025-04-12 00:00:00+00:00
[2025-04-12T16:52:58.818+0000] {processor.py:183} INFO - Processing /opt/airflow/dags/populate_enriched_table_dag.py took 0.646 seconds
[2025-04-12T16:53:29.034+0000] {processor.py:161} INFO - Started process (PID=1207) to work on /opt/airflow/dags/populate_enriched_table_dag.py
[2025-04-12T16:53:29.036+0000] {processor.py:830} INFO - Processing file /opt/airflow/dags/populate_enriched_table_dag.py for tasks to queue
[2025-04-12T16:53:29.037+0000] {logging_mixin.py:188} INFO - [2025-04-12T16:53:29.037+0000] {dagbag.py:538} INFO - Filling up the DagBag from /opt/airflow/dags/populate_enriched_table_dag.py
[2025-04-12T16:53:29.401+0000] {processor.py:840} INFO - DAG(s) 'populate_sampled_songs_enriched' retrieved from /opt/airflow/dags/populate_enriched_table_dag.py
[2025-04-12T16:53:29.411+0000] {logging_mixin.py:188} INFO - [2025-04-12T16:53:29.410+0000] {dag.py:3036} INFO - Sync 1 DAGs
[2025-04-12T16:53:29.420+0000] {logging_mixin.py:188} INFO - [2025-04-12T16:53:29.420+0000] {dag.py:3823} INFO - Setting next_dagrun for populate_sampled_songs_enriched to 2025-04-11 00:00:00+00:00, run_after=2025-04-12 00:00:00+00:00
[2025-04-12T16:53:29.428+0000] {processor.py:183} INFO - Processing /opt/airflow/dags/populate_enriched_table_dag.py took 0.398 seconds
[2025-04-12T16:53:51.839+0000] {processor.py:161} INFO - Started process (PID=1233) to work on /opt/airflow/dags/populate_enriched_table_dag.py
[2025-04-12T16:53:51.844+0000] {processor.py:830} INFO - Processing file /opt/airflow/dags/populate_enriched_table_dag.py for tasks to queue
[2025-04-12T16:53:51.845+0000] {logging_mixin.py:188} INFO - [2025-04-12T16:53:51.845+0000] {dagbag.py:538} INFO - Filling up the DagBag from /opt/airflow/dags/populate_enriched_table_dag.py
[2025-04-12T16:53:52.280+0000] {processor.py:840} INFO - DAG(s) 'populate_sampled_songs_enriched' retrieved from /opt/airflow/dags/populate_enriched_table_dag.py
[2025-04-12T16:53:52.345+0000] {logging_mixin.py:188} INFO - [2025-04-12T16:53:52.345+0000] {dag.py:3036} INFO - Sync 1 DAGs
[2025-04-12T16:53:52.351+0000] {logging_mixin.py:188} INFO - [2025-04-12T16:53:52.351+0000] {dag.py:3823} INFO - Setting next_dagrun for populate_sampled_songs_enriched to None, run_after=None
[2025-04-12T16:53:52.364+0000] {processor.py:183} INFO - Processing /opt/airflow/dags/populate_enriched_table_dag.py took 0.531 seconds
[2025-04-12T16:54:22.564+0000] {processor.py:161} INFO - Started process (PID=1309) to work on /opt/airflow/dags/populate_enriched_table_dag.py
[2025-04-12T16:54:22.566+0000] {processor.py:830} INFO - Processing file /opt/airflow/dags/populate_enriched_table_dag.py for tasks to queue
[2025-04-12T16:54:22.567+0000] {logging_mixin.py:188} INFO - [2025-04-12T16:54:22.567+0000] {dagbag.py:538} INFO - Filling up the DagBag from /opt/airflow/dags/populate_enriched_table_dag.py
[2025-04-12T16:54:22.948+0000] {processor.py:840} INFO - DAG(s) 'populate_sampled_songs_enriched' retrieved from /opt/airflow/dags/populate_enriched_table_dag.py
[2025-04-12T16:54:22.956+0000] {logging_mixin.py:188} INFO - [2025-04-12T16:54:22.956+0000] {dag.py:3036} INFO - Sync 1 DAGs
[2025-04-12T16:54:22.961+0000] {logging_mixin.py:188} INFO - [2025-04-12T16:54:22.961+0000] {dag.py:3823} INFO - Setting next_dagrun for populate_sampled_songs_enriched to None, run_after=None
[2025-04-12T16:54:22.973+0000] {processor.py:183} INFO - Processing /opt/airflow/dags/populate_enriched_table_dag.py took 0.411 seconds
[2025-04-12T16:54:53.296+0000] {processor.py:161} INFO - Started process (PID=1377) to work on /opt/airflow/dags/populate_enriched_table_dag.py
[2025-04-12T16:54:53.298+0000] {processor.py:830} INFO - Processing file /opt/airflow/dags/populate_enriched_table_dag.py for tasks to queue
[2025-04-12T16:54:53.304+0000] {logging_mixin.py:188} INFO - [2025-04-12T16:54:53.304+0000] {dagbag.py:538} INFO - Filling up the DagBag from /opt/airflow/dags/populate_enriched_table_dag.py
[2025-04-12T16:54:53.813+0000] {processor.py:840} INFO - DAG(s) 'populate_sampled_songs_enriched' retrieved from /opt/airflow/dags/populate_enriched_table_dag.py
[2025-04-12T16:54:53.823+0000] {logging_mixin.py:188} INFO - [2025-04-12T16:54:53.823+0000] {dag.py:3036} INFO - Sync 1 DAGs
[2025-04-12T16:54:53.828+0000] {logging_mixin.py:188} INFO - [2025-04-12T16:54:53.828+0000] {dag.py:3823} INFO - Setting next_dagrun for populate_sampled_songs_enriched to None, run_after=None
[2025-04-12T16:54:53.863+0000] {processor.py:183} INFO - Processing /opt/airflow/dags/populate_enriched_table_dag.py took 0.571 seconds
[2025-04-12T16:55:24.290+0000] {processor.py:161} INFO - Started process (PID=1453) to work on /opt/airflow/dags/populate_enriched_table_dag.py
[2025-04-12T16:55:24.291+0000] {processor.py:830} INFO - Processing file /opt/airflow/dags/populate_enriched_table_dag.py for tasks to queue
[2025-04-12T16:55:24.293+0000] {logging_mixin.py:188} INFO - [2025-04-12T16:55:24.292+0000] {dagbag.py:538} INFO - Filling up the DagBag from /opt/airflow/dags/populate_enriched_table_dag.py
[2025-04-12T16:55:24.906+0000] {processor.py:840} INFO - DAG(s) 'populate_sampled_songs_enriched' retrieved from /opt/airflow/dags/populate_enriched_table_dag.py
[2025-04-12T16:55:24.936+0000] {logging_mixin.py:188} INFO - [2025-04-12T16:55:24.935+0000] {dag.py:3036} INFO - Sync 1 DAGs
[2025-04-12T16:55:24.942+0000] {logging_mixin.py:188} INFO - [2025-04-12T16:55:24.941+0000] {dag.py:3823} INFO - Setting next_dagrun for populate_sampled_songs_enriched to None, run_after=None
[2025-04-12T16:55:24.951+0000] {processor.py:183} INFO - Processing /opt/airflow/dags/populate_enriched_table_dag.py took 0.667 seconds
[2025-04-12T16:55:55.142+0000] {processor.py:161} INFO - Started process (PID=1514) to work on /opt/airflow/dags/populate_enriched_table_dag.py
[2025-04-12T16:55:55.145+0000] {processor.py:830} INFO - Processing file /opt/airflow/dags/populate_enriched_table_dag.py for tasks to queue
[2025-04-12T16:55:55.153+0000] {logging_mixin.py:188} INFO - [2025-04-12T16:55:55.152+0000] {dagbag.py:538} INFO - Filling up the DagBag from /opt/airflow/dags/populate_enriched_table_dag.py
[2025-04-12T16:55:55.624+0000] {processor.py:840} INFO - DAG(s) 'populate_sampled_songs_enriched' retrieved from /opt/airflow/dags/populate_enriched_table_dag.py
[2025-04-12T16:55:55.635+0000] {logging_mixin.py:188} INFO - [2025-04-12T16:55:55.635+0000] {dag.py:3036} INFO - Sync 1 DAGs
[2025-04-12T16:55:55.641+0000] {logging_mixin.py:188} INFO - [2025-04-12T16:55:55.641+0000] {dag.py:3823} INFO - Setting next_dagrun for populate_sampled_songs_enriched to None, run_after=None
[2025-04-12T16:55:55.647+0000] {processor.py:183} INFO - Processing /opt/airflow/dags/populate_enriched_table_dag.py took 0.514 seconds
[2025-04-12T16:56:25.931+0000] {processor.py:161} INFO - Started process (PID=1590) to work on /opt/airflow/dags/populate_enriched_table_dag.py
[2025-04-12T16:56:25.933+0000] {processor.py:830} INFO - Processing file /opt/airflow/dags/populate_enriched_table_dag.py for tasks to queue
[2025-04-12T16:56:25.942+0000] {logging_mixin.py:188} INFO - [2025-04-12T16:56:25.941+0000] {dagbag.py:538} INFO - Filling up the DagBag from /opt/airflow/dags/populate_enriched_table_dag.py
[2025-04-12T16:56:27.024+0000] {processor.py:840} INFO - DAG(s) 'populate_sampled_songs_enriched' retrieved from /opt/airflow/dags/populate_enriched_table_dag.py
[2025-04-12T16:56:27.040+0000] {logging_mixin.py:188} INFO - [2025-04-12T16:56:27.040+0000] {dag.py:3036} INFO - Sync 1 DAGs
[2025-04-12T16:56:27.050+0000] {logging_mixin.py:188} INFO - [2025-04-12T16:56:27.050+0000] {dag.py:3823} INFO - Setting next_dagrun for populate_sampled_songs_enriched to None, run_after=None
[2025-04-12T16:56:27.064+0000] {processor.py:183} INFO - Processing /opt/airflow/dags/populate_enriched_table_dag.py took 1.147 seconds
[2025-04-12T16:56:57.596+0000] {processor.py:161} INFO - Started process (PID=1667) to work on /opt/airflow/dags/populate_enriched_table_dag.py
[2025-04-12T16:56:57.598+0000] {processor.py:830} INFO - Processing file /opt/airflow/dags/populate_enriched_table_dag.py for tasks to queue
[2025-04-12T16:56:57.599+0000] {logging_mixin.py:188} INFO - [2025-04-12T16:56:57.599+0000] {dagbag.py:538} INFO - Filling up the DagBag from /opt/airflow/dags/populate_enriched_table_dag.py
[2025-04-12T16:56:58.370+0000] {processor.py:840} INFO - DAG(s) 'populate_sampled_songs_enriched' retrieved from /opt/airflow/dags/populate_enriched_table_dag.py
[2025-04-12T16:56:58.384+0000] {logging_mixin.py:188} INFO - [2025-04-12T16:56:58.384+0000] {dag.py:3036} INFO - Sync 1 DAGs
[2025-04-12T16:56:58.405+0000] {logging_mixin.py:188} INFO - [2025-04-12T16:56:58.405+0000] {dag.py:3823} INFO - Setting next_dagrun for populate_sampled_songs_enriched to None, run_after=None
[2025-04-12T16:56:58.429+0000] {processor.py:183} INFO - Processing /opt/airflow/dags/populate_enriched_table_dag.py took 0.838 seconds
[2025-04-12T16:57:28.793+0000] {processor.py:161} INFO - Started process (PID=1746) to work on /opt/airflow/dags/populate_enriched_table_dag.py
[2025-04-12T16:57:28.794+0000] {processor.py:830} INFO - Processing file /opt/airflow/dags/populate_enriched_table_dag.py for tasks to queue
[2025-04-12T16:57:28.795+0000] {logging_mixin.py:188} INFO - [2025-04-12T16:57:28.795+0000] {dagbag.py:538} INFO - Filling up the DagBag from /opt/airflow/dags/populate_enriched_table_dag.py
[2025-04-12T16:57:29.161+0000] {processor.py:840} INFO - DAG(s) 'populate_sampled_songs_enriched' retrieved from /opt/airflow/dags/populate_enriched_table_dag.py
[2025-04-12T16:57:29.172+0000] {logging_mixin.py:188} INFO - [2025-04-12T16:57:29.171+0000] {dag.py:3036} INFO - Sync 1 DAGs
[2025-04-12T16:57:29.177+0000] {logging_mixin.py:188} INFO - [2025-04-12T16:57:29.177+0000] {dag.py:3823} INFO - Setting next_dagrun for populate_sampled_songs_enriched to None, run_after=None
[2025-04-12T16:57:29.189+0000] {processor.py:183} INFO - Processing /opt/airflow/dags/populate_enriched_table_dag.py took 0.398 seconds
[2025-04-12T16:57:59.446+0000] {processor.py:161} INFO - Started process (PID=1804) to work on /opt/airflow/dags/populate_enriched_table_dag.py
[2025-04-12T16:57:59.449+0000] {processor.py:830} INFO - Processing file /opt/airflow/dags/populate_enriched_table_dag.py for tasks to queue
[2025-04-12T16:57:59.452+0000] {logging_mixin.py:188} INFO - [2025-04-12T16:57:59.452+0000] {dagbag.py:538} INFO - Filling up the DagBag from /opt/airflow/dags/populate_enriched_table_dag.py
[2025-04-12T16:58:00.168+0000] {processor.py:840} INFO - DAG(s) 'populate_sampled_songs_enriched' retrieved from /opt/airflow/dags/populate_enriched_table_dag.py
[2025-04-12T16:58:00.179+0000] {logging_mixin.py:188} INFO - [2025-04-12T16:58:00.179+0000] {dag.py:3036} INFO - Sync 1 DAGs
[2025-04-12T16:58:00.194+0000] {logging_mixin.py:188} INFO - [2025-04-12T16:58:00.194+0000] {dag.py:3823} INFO - Setting next_dagrun for populate_sampled_songs_enriched to None, run_after=None
[2025-04-12T16:58:00.204+0000] {processor.py:183} INFO - Processing /opt/airflow/dags/populate_enriched_table_dag.py took 0.766 seconds
[2025-04-12T16:58:30.667+0000] {processor.py:161} INFO - Started process (PID=1880) to work on /opt/airflow/dags/populate_enriched_table_dag.py
[2025-04-12T16:58:30.670+0000] {processor.py:830} INFO - Processing file /opt/airflow/dags/populate_enriched_table_dag.py for tasks to queue
[2025-04-12T16:58:30.674+0000] {logging_mixin.py:188} INFO - [2025-04-12T16:58:30.674+0000] {dagbag.py:538} INFO - Filling up the DagBag from /opt/airflow/dags/populate_enriched_table_dag.py
[2025-04-12T16:58:31.377+0000] {processor.py:840} INFO - DAG(s) 'populate_sampled_songs_enriched' retrieved from /opt/airflow/dags/populate_enriched_table_dag.py
[2025-04-12T16:58:31.389+0000] {logging_mixin.py:188} INFO - [2025-04-12T16:58:31.389+0000] {dag.py:3036} INFO - Sync 1 DAGs
[2025-04-12T16:58:31.397+0000] {logging_mixin.py:188} INFO - [2025-04-12T16:58:31.396+0000] {dag.py:3823} INFO - Setting next_dagrun for populate_sampled_songs_enriched to None, run_after=None
[2025-04-12T16:58:31.412+0000] {processor.py:183} INFO - Processing /opt/airflow/dags/populate_enriched_table_dag.py took 0.762 seconds
[2025-04-12T16:59:02.114+0000] {processor.py:161} INFO - Started process (PID=1956) to work on /opt/airflow/dags/populate_enriched_table_dag.py
[2025-04-12T16:59:02.124+0000] {processor.py:830} INFO - Processing file /opt/airflow/dags/populate_enriched_table_dag.py for tasks to queue
[2025-04-12T16:59:02.130+0000] {logging_mixin.py:188} INFO - [2025-04-12T16:59:02.129+0000] {dagbag.py:538} INFO - Filling up the DagBag from /opt/airflow/dags/populate_enriched_table_dag.py
[2025-04-12T16:59:02.824+0000] {processor.py:840} INFO - DAG(s) 'populate_sampled_songs_enriched' retrieved from /opt/airflow/dags/populate_enriched_table_dag.py
[2025-04-12T16:59:02.838+0000] {logging_mixin.py:188} INFO - [2025-04-12T16:59:02.837+0000] {dag.py:3036} INFO - Sync 1 DAGs
[2025-04-12T16:59:02.844+0000] {logging_mixin.py:188} INFO - [2025-04-12T16:59:02.843+0000] {dag.py:3823} INFO - Setting next_dagrun for populate_sampled_songs_enriched to None, run_after=None
[2025-04-12T16:59:02.856+0000] {processor.py:183} INFO - Processing /opt/airflow/dags/populate_enriched_table_dag.py took 0.756 seconds
[2025-04-12T16:59:33.356+0000] {processor.py:161} INFO - Started process (PID=2032) to work on /opt/airflow/dags/populate_enriched_table_dag.py
[2025-04-12T16:59:33.359+0000] {processor.py:830} INFO - Processing file /opt/airflow/dags/populate_enriched_table_dag.py for tasks to queue
[2025-04-12T16:59:33.362+0000] {logging_mixin.py:188} INFO - [2025-04-12T16:59:33.362+0000] {dagbag.py:538} INFO - Filling up the DagBag from /opt/airflow/dags/populate_enriched_table_dag.py
[2025-04-12T16:59:34.237+0000] {processor.py:840} INFO - DAG(s) 'populate_sampled_songs_enriched' retrieved from /opt/airflow/dags/populate_enriched_table_dag.py
[2025-04-12T16:59:34.255+0000] {logging_mixin.py:188} INFO - [2025-04-12T16:59:34.255+0000] {dag.py:3036} INFO - Sync 1 DAGs
[2025-04-12T16:59:34.261+0000] {logging_mixin.py:188} INFO - [2025-04-12T16:59:34.261+0000] {dag.py:3823} INFO - Setting next_dagrun for populate_sampled_songs_enriched to None, run_after=None
[2025-04-12T16:59:34.271+0000] {processor.py:183} INFO - Processing /opt/airflow/dags/populate_enriched_table_dag.py took 0.924 seconds
[2025-04-12T17:00:05.078+0000] {processor.py:161} INFO - Started process (PID=2093) to work on /opt/airflow/dags/populate_enriched_table_dag.py
[2025-04-12T17:00:05.083+0000] {processor.py:830} INFO - Processing file /opt/airflow/dags/populate_enriched_table_dag.py for tasks to queue
[2025-04-12T17:00:05.098+0000] {logging_mixin.py:188} INFO - [2025-04-12T17:00:05.097+0000] {dagbag.py:538} INFO - Filling up the DagBag from /opt/airflow/dags/populate_enriched_table_dag.py
[2025-04-12T17:00:06.094+0000] {processor.py:840} INFO - DAG(s) 'populate_sampled_songs_enriched' retrieved from /opt/airflow/dags/populate_enriched_table_dag.py
[2025-04-12T17:00:06.116+0000] {logging_mixin.py:188} INFO - [2025-04-12T17:00:06.116+0000] {dag.py:3036} INFO - Sync 1 DAGs
[2025-04-12T17:00:06.122+0000] {logging_mixin.py:188} INFO - [2025-04-12T17:00:06.122+0000] {dag.py:3823} INFO - Setting next_dagrun for populate_sampled_songs_enriched to None, run_after=None
[2025-04-12T17:00:06.143+0000] {processor.py:183} INFO - Processing /opt/airflow/dags/populate_enriched_table_dag.py took 1.123 seconds
[2025-04-12T17:00:36.541+0000] {processor.py:161} INFO - Started process (PID=2169) to work on /opt/airflow/dags/populate_enriched_table_dag.py
[2025-04-12T17:00:36.554+0000] {processor.py:830} INFO - Processing file /opt/airflow/dags/populate_enriched_table_dag.py for tasks to queue
[2025-04-12T17:00:36.571+0000] {logging_mixin.py:188} INFO - [2025-04-12T17:00:36.571+0000] {dagbag.py:538} INFO - Filling up the DagBag from /opt/airflow/dags/populate_enriched_table_dag.py
[2025-04-12T17:00:37.251+0000] {processor.py:840} INFO - DAG(s) 'populate_sampled_songs_enriched' retrieved from /opt/airflow/dags/populate_enriched_table_dag.py
[2025-04-12T17:00:37.266+0000] {logging_mixin.py:188} INFO - [2025-04-12T17:00:37.266+0000] {dag.py:3036} INFO - Sync 1 DAGs
[2025-04-12T17:00:37.272+0000] {logging_mixin.py:188} INFO - [2025-04-12T17:00:37.272+0000] {dag.py:3823} INFO - Setting next_dagrun for populate_sampled_songs_enriched to None, run_after=None
[2025-04-12T17:00:37.286+0000] {processor.py:183} INFO - Processing /opt/airflow/dags/populate_enriched_table_dag.py took 0.769 seconds
[2025-04-12T17:01:07.706+0000] {processor.py:161} INFO - Started process (PID=2245) to work on /opt/airflow/dags/populate_enriched_table_dag.py
[2025-04-12T17:01:07.710+0000] {processor.py:830} INFO - Processing file /opt/airflow/dags/populate_enriched_table_dag.py for tasks to queue
[2025-04-12T17:01:07.714+0000] {logging_mixin.py:188} INFO - [2025-04-12T17:01:07.714+0000] {dagbag.py:538} INFO - Filling up the DagBag from /opt/airflow/dags/populate_enriched_table_dag.py
[2025-04-12T17:01:08.315+0000] {processor.py:840} INFO - DAG(s) 'populate_sampled_songs_enriched' retrieved from /opt/airflow/dags/populate_enriched_table_dag.py
[2025-04-12T17:01:08.335+0000] {logging_mixin.py:188} INFO - [2025-04-12T17:01:08.335+0000] {dag.py:3036} INFO - Sync 1 DAGs
[2025-04-12T17:01:08.341+0000] {logging_mixin.py:188} INFO - [2025-04-12T17:01:08.341+0000] {dag.py:3823} INFO - Setting next_dagrun for populate_sampled_songs_enriched to None, run_after=None
[2025-04-12T17:01:08.349+0000] {processor.py:183} INFO - Processing /opt/airflow/dags/populate_enriched_table_dag.py took 0.653 seconds
[2025-04-12T17:01:38.505+0000] {processor.py:161} INFO - Started process (PID=2306) to work on /opt/airflow/dags/populate_enriched_table_dag.py
[2025-04-12T17:01:38.507+0000] {processor.py:830} INFO - Processing file /opt/airflow/dags/populate_enriched_table_dag.py for tasks to queue
[2025-04-12T17:01:38.510+0000] {logging_mixin.py:188} INFO - [2025-04-12T17:01:38.510+0000] {dagbag.py:538} INFO - Filling up the DagBag from /opt/airflow/dags/populate_enriched_table_dag.py
[2025-04-12T17:01:39.078+0000] {processor.py:840} INFO - DAG(s) 'populate_sampled_songs_enriched' retrieved from /opt/airflow/dags/populate_enriched_table_dag.py
[2025-04-12T17:01:39.099+0000] {logging_mixin.py:188} INFO - [2025-04-12T17:01:39.098+0000] {dag.py:3036} INFO - Sync 1 DAGs
[2025-04-12T17:01:39.107+0000] {logging_mixin.py:188} INFO - [2025-04-12T17:01:39.107+0000] {dag.py:3823} INFO - Setting next_dagrun for populate_sampled_songs_enriched to None, run_after=None
[2025-04-12T17:01:39.116+0000] {processor.py:183} INFO - Processing /opt/airflow/dags/populate_enriched_table_dag.py took 0.619 seconds
[2025-04-12T17:02:09.722+0000] {processor.py:161} INFO - Started process (PID=2382) to work on /opt/airflow/dags/populate_enriched_table_dag.py
[2025-04-12T17:02:09.725+0000] {processor.py:830} INFO - Processing file /opt/airflow/dags/populate_enriched_table_dag.py for tasks to queue
[2025-04-12T17:02:09.734+0000] {logging_mixin.py:188} INFO - [2025-04-12T17:02:09.734+0000] {dagbag.py:538} INFO - Filling up the DagBag from /opt/airflow/dags/populate_enriched_table_dag.py
[2025-04-12T17:02:10.437+0000] {processor.py:840} INFO - DAG(s) 'populate_sampled_songs_enriched' retrieved from /opt/airflow/dags/populate_enriched_table_dag.py
[2025-04-12T17:02:10.450+0000] {logging_mixin.py:188} INFO - [2025-04-12T17:02:10.449+0000] {dag.py:3036} INFO - Sync 1 DAGs
[2025-04-12T17:02:10.456+0000] {logging_mixin.py:188} INFO - [2025-04-12T17:02:10.456+0000] {dag.py:3823} INFO - Setting next_dagrun for populate_sampled_songs_enriched to None, run_after=None
[2025-04-12T17:02:10.467+0000] {processor.py:183} INFO - Processing /opt/airflow/dags/populate_enriched_table_dag.py took 0.756 seconds
[2025-04-12T17:02:40.653+0000] {processor.py:161} INFO - Started process (PID=2460) to work on /opt/airflow/dags/populate_enriched_table_dag.py
[2025-04-12T17:02:40.655+0000] {processor.py:830} INFO - Processing file /opt/airflow/dags/populate_enriched_table_dag.py for tasks to queue
[2025-04-12T17:02:40.657+0000] {logging_mixin.py:188} INFO - [2025-04-12T17:02:40.657+0000] {dagbag.py:538} INFO - Filling up the DagBag from /opt/airflow/dags/populate_enriched_table_dag.py
[2025-04-12T17:02:41.260+0000] {processor.py:840} INFO - DAG(s) 'populate_sampled_songs_enriched' retrieved from /opt/airflow/dags/populate_enriched_table_dag.py
[2025-04-12T17:02:41.273+0000] {logging_mixin.py:188} INFO - [2025-04-12T17:02:41.272+0000] {dag.py:3036} INFO - Sync 1 DAGs
[2025-04-12T17:02:41.284+0000] {logging_mixin.py:188} INFO - [2025-04-12T17:02:41.284+0000] {dag.py:3823} INFO - Setting next_dagrun for populate_sampled_songs_enriched to None, run_after=None
[2025-04-12T17:02:41.299+0000] {processor.py:183} INFO - Processing /opt/airflow/dags/populate_enriched_table_dag.py took 0.652 seconds
[2025-04-12T17:03:11.688+0000] {processor.py:161} INFO - Started process (PID=2534) to work on /opt/airflow/dags/populate_enriched_table_dag.py
[2025-04-12T17:03:11.690+0000] {processor.py:830} INFO - Processing file /opt/airflow/dags/populate_enriched_table_dag.py for tasks to queue
[2025-04-12T17:03:11.693+0000] {logging_mixin.py:188} INFO - [2025-04-12T17:03:11.693+0000] {dagbag.py:538} INFO - Filling up the DagBag from /opt/airflow/dags/populate_enriched_table_dag.py
[2025-04-12T17:03:12.217+0000] {processor.py:840} INFO - DAG(s) 'populate_sampled_songs_enriched' retrieved from /opt/airflow/dags/populate_enriched_table_dag.py
[2025-04-12T17:03:12.232+0000] {logging_mixin.py:188} INFO - [2025-04-12T17:03:12.232+0000] {dag.py:3036} INFO - Sync 1 DAGs
[2025-04-12T17:03:12.238+0000] {logging_mixin.py:188} INFO - [2025-04-12T17:03:12.238+0000] {dag.py:3823} INFO - Setting next_dagrun for populate_sampled_songs_enriched to None, run_after=None
[2025-04-12T17:03:12.247+0000] {processor.py:183} INFO - Processing /opt/airflow/dags/populate_enriched_table_dag.py took 0.565 seconds
[2025-04-12T17:03:42.818+0000] {processor.py:161} INFO - Started process (PID=2595) to work on /opt/airflow/dags/populate_enriched_table_dag.py
[2025-04-12T17:03:42.824+0000] {processor.py:830} INFO - Processing file /opt/airflow/dags/populate_enriched_table_dag.py for tasks to queue
[2025-04-12T17:03:42.830+0000] {logging_mixin.py:188} INFO - [2025-04-12T17:03:42.829+0000] {dagbag.py:538} INFO - Filling up the DagBag from /opt/airflow/dags/populate_enriched_table_dag.py
[2025-04-12T17:03:43.306+0000] {processor.py:840} INFO - DAG(s) 'populate_sampled_songs_enriched' retrieved from /opt/airflow/dags/populate_enriched_table_dag.py
[2025-04-12T17:03:43.318+0000] {logging_mixin.py:188} INFO - [2025-04-12T17:03:43.318+0000] {dag.py:3036} INFO - Sync 1 DAGs
[2025-04-12T17:03:43.325+0000] {logging_mixin.py:188} INFO - [2025-04-12T17:03:43.324+0000] {dag.py:3823} INFO - Setting next_dagrun for populate_sampled_songs_enriched to None, run_after=None
[2025-04-12T17:03:43.336+0000] {processor.py:183} INFO - Processing /opt/airflow/dags/populate_enriched_table_dag.py took 0.527 seconds
[2025-04-12T17:04:14.236+0000] {processor.py:161} INFO - Started process (PID=2671) to work on /opt/airflow/dags/populate_enriched_table_dag.py
[2025-04-12T17:04:14.239+0000] {processor.py:830} INFO - Processing file /opt/airflow/dags/populate_enriched_table_dag.py for tasks to queue
[2025-04-12T17:04:14.246+0000] {logging_mixin.py:188} INFO - [2025-04-12T17:04:14.245+0000] {dagbag.py:538} INFO - Filling up the DagBag from /opt/airflow/dags/populate_enriched_table_dag.py
[2025-04-12T17:04:15.031+0000] {processor.py:840} INFO - DAG(s) 'populate_sampled_songs_enriched' retrieved from /opt/airflow/dags/populate_enriched_table_dag.py
[2025-04-12T17:04:15.056+0000] {logging_mixin.py:188} INFO - [2025-04-12T17:04:15.055+0000] {dag.py:3036} INFO - Sync 1 DAGs
[2025-04-12T17:04:15.065+0000] {logging_mixin.py:188} INFO - [2025-04-12T17:04:15.064+0000] {dag.py:3823} INFO - Setting next_dagrun for populate_sampled_songs_enriched to None, run_after=None
[2025-04-12T17:04:15.077+0000] {processor.py:183} INFO - Processing /opt/airflow/dags/populate_enriched_table_dag.py took 0.868 seconds
[2025-04-12T17:04:45.849+0000] {processor.py:161} INFO - Started process (PID=2747) to work on /opt/airflow/dags/populate_enriched_table_dag.py
[2025-04-12T17:04:45.852+0000] {processor.py:830} INFO - Processing file /opt/airflow/dags/populate_enriched_table_dag.py for tasks to queue
[2025-04-12T17:04:45.858+0000] {logging_mixin.py:188} INFO - [2025-04-12T17:04:45.858+0000] {dagbag.py:538} INFO - Filling up the DagBag from /opt/airflow/dags/populate_enriched_table_dag.py
[2025-04-12T17:04:46.576+0000] {processor.py:840} INFO - DAG(s) 'populate_sampled_songs_enriched' retrieved from /opt/airflow/dags/populate_enriched_table_dag.py
[2025-04-12T17:04:46.591+0000] {logging_mixin.py:188} INFO - [2025-04-12T17:04:46.590+0000] {dag.py:3036} INFO - Sync 1 DAGs
[2025-04-12T17:04:46.605+0000] {logging_mixin.py:188} INFO - [2025-04-12T17:04:46.605+0000] {dag.py:3823} INFO - Setting next_dagrun for populate_sampled_songs_enriched to None, run_after=None
[2025-04-12T17:04:46.617+0000] {processor.py:183} INFO - Processing /opt/airflow/dags/populate_enriched_table_dag.py took 0.777 seconds
[2025-04-12T17:05:17.247+0000] {processor.py:161} INFO - Started process (PID=2828) to work on /opt/airflow/dags/populate_enriched_table_dag.py
[2025-04-12T17:05:17.249+0000] {processor.py:830} INFO - Processing file /opt/airflow/dags/populate_enriched_table_dag.py for tasks to queue
[2025-04-12T17:05:17.252+0000] {logging_mixin.py:188} INFO - [2025-04-12T17:05:17.252+0000] {dagbag.py:538} INFO - Filling up the DagBag from /opt/airflow/dags/populate_enriched_table_dag.py
[2025-04-12T17:05:17.760+0000] {processor.py:840} INFO - DAG(s) 'populate_sampled_songs_enriched' retrieved from /opt/airflow/dags/populate_enriched_table_dag.py
[2025-04-12T17:05:17.788+0000] {logging_mixin.py:188} INFO - [2025-04-12T17:05:17.788+0000] {dag.py:3036} INFO - Sync 1 DAGs
[2025-04-12T17:05:17.795+0000] {logging_mixin.py:188} INFO - [2025-04-12T17:05:17.795+0000] {dag.py:3823} INFO - Setting next_dagrun for populate_sampled_songs_enriched to None, run_after=None
[2025-04-12T17:05:17.803+0000] {processor.py:183} INFO - Processing /opt/airflow/dags/populate_enriched_table_dag.py took 0.571 seconds
[2025-04-12T17:05:47.900+0000] {processor.py:161} INFO - Started process (PID=2889) to work on /opt/airflow/dags/populate_enriched_table_dag.py
[2025-04-12T17:05:47.908+0000] {processor.py:830} INFO - Processing file /opt/airflow/dags/populate_enriched_table_dag.py for tasks to queue
[2025-04-12T17:05:47.924+0000] {logging_mixin.py:188} INFO - [2025-04-12T17:05:47.924+0000] {dagbag.py:538} INFO - Filling up the DagBag from /opt/airflow/dags/populate_enriched_table_dag.py
[2025-04-12T17:05:48.512+0000] {processor.py:840} INFO - DAG(s) 'populate_sampled_songs_enriched' retrieved from /opt/airflow/dags/populate_enriched_table_dag.py
[2025-04-12T17:05:48.526+0000] {logging_mixin.py:188} INFO - [2025-04-12T17:05:48.525+0000] {dag.py:3036} INFO - Sync 1 DAGs
[2025-04-12T17:05:48.533+0000] {logging_mixin.py:188} INFO - [2025-04-12T17:05:48.533+0000] {dag.py:3823} INFO - Setting next_dagrun for populate_sampled_songs_enriched to None, run_after=None
[2025-04-12T17:05:48.542+0000] {processor.py:183} INFO - Processing /opt/airflow/dags/populate_enriched_table_dag.py took 0.651 seconds
[2025-04-12T17:06:19.227+0000] {processor.py:161} INFO - Started process (PID=2965) to work on /opt/airflow/dags/populate_enriched_table_dag.py
[2025-04-12T17:06:19.232+0000] {processor.py:830} INFO - Processing file /opt/airflow/dags/populate_enriched_table_dag.py for tasks to queue
[2025-04-12T17:06:19.244+0000] {logging_mixin.py:188} INFO - [2025-04-12T17:06:19.242+0000] {dagbag.py:538} INFO - Filling up the DagBag from /opt/airflow/dags/populate_enriched_table_dag.py
[2025-04-12T17:06:19.833+0000] {processor.py:840} INFO - DAG(s) 'populate_sampled_songs_enriched' retrieved from /opt/airflow/dags/populate_enriched_table_dag.py
[2025-04-12T17:06:19.844+0000] {logging_mixin.py:188} INFO - [2025-04-12T17:06:19.844+0000] {dag.py:3036} INFO - Sync 1 DAGs
[2025-04-12T17:06:19.848+0000] {logging_mixin.py:188} INFO - [2025-04-12T17:06:19.848+0000] {dag.py:3823} INFO - Setting next_dagrun for populate_sampled_songs_enriched to None, run_after=None
[2025-04-12T17:06:19.858+0000] {processor.py:183} INFO - Processing /opt/airflow/dags/populate_enriched_table_dag.py took 0.636 seconds
[2025-04-12T17:06:49.943+0000] {processor.py:161} INFO - Started process (PID=3042) to work on /opt/airflow/dags/populate_enriched_table_dag.py
[2025-04-12T17:06:49.945+0000] {processor.py:830} INFO - Processing file /opt/airflow/dags/populate_enriched_table_dag.py for tasks to queue
[2025-04-12T17:06:49.947+0000] {logging_mixin.py:188} INFO - [2025-04-12T17:06:49.947+0000] {dagbag.py:538} INFO - Filling up the DagBag from /opt/airflow/dags/populate_enriched_table_dag.py
[2025-04-12T17:06:50.655+0000] {processor.py:840} INFO - DAG(s) 'populate_sampled_songs_enriched' retrieved from /opt/airflow/dags/populate_enriched_table_dag.py
[2025-04-12T17:06:50.666+0000] {logging_mixin.py:188} INFO - [2025-04-12T17:06:50.665+0000] {dag.py:3036} INFO - Sync 1 DAGs
[2025-04-12T17:06:50.672+0000] {logging_mixin.py:188} INFO - [2025-04-12T17:06:50.672+0000] {dag.py:3823} INFO - Setting next_dagrun for populate_sampled_songs_enriched to None, run_after=None
[2025-04-12T17:06:50.707+0000] {processor.py:183} INFO - Processing /opt/airflow/dags/populate_enriched_table_dag.py took 0.770 seconds
[2025-04-12T17:07:20.912+0000] {processor.py:161} INFO - Started process (PID=3116) to work on /opt/airflow/dags/populate_enriched_table_dag.py
[2025-04-12T17:07:20.915+0000] {processor.py:830} INFO - Processing file /opt/airflow/dags/populate_enriched_table_dag.py for tasks to queue
[2025-04-12T17:07:20.918+0000] {logging_mixin.py:188} INFO - [2025-04-12T17:07:20.918+0000] {dagbag.py:538} INFO - Filling up the DagBag from /opt/airflow/dags/populate_enriched_table_dag.py
[2025-04-12T17:07:21.459+0000] {processor.py:840} INFO - DAG(s) 'populate_sampled_songs_enriched' retrieved from /opt/airflow/dags/populate_enriched_table_dag.py
[2025-04-12T17:07:21.471+0000] {logging_mixin.py:188} INFO - [2025-04-12T17:07:21.470+0000] {dag.py:3036} INFO - Sync 1 DAGs
[2025-04-12T17:07:21.480+0000] {logging_mixin.py:188} INFO - [2025-04-12T17:07:21.480+0000] {dag.py:3823} INFO - Setting next_dagrun for populate_sampled_songs_enriched to None, run_after=None
[2025-04-12T17:07:21.487+0000] {processor.py:183} INFO - Processing /opt/airflow/dags/populate_enriched_table_dag.py took 0.581 seconds
[2025-04-12T17:07:51.561+0000] {processor.py:161} INFO - Started process (PID=3177) to work on /opt/airflow/dags/populate_enriched_table_dag.py
[2025-04-12T17:07:51.564+0000] {processor.py:830} INFO - Processing file /opt/airflow/dags/populate_enriched_table_dag.py for tasks to queue
[2025-04-12T17:07:51.571+0000] {logging_mixin.py:188} INFO - [2025-04-12T17:07:51.569+0000] {dagbag.py:538} INFO - Filling up the DagBag from /opt/airflow/dags/populate_enriched_table_dag.py
[2025-04-12T17:07:52.240+0000] {processor.py:840} INFO - DAG(s) 'populate_sampled_songs_enriched' retrieved from /opt/airflow/dags/populate_enriched_table_dag.py
[2025-04-12T17:07:52.253+0000] {logging_mixin.py:188} INFO - [2025-04-12T17:07:52.253+0000] {dag.py:3036} INFO - Sync 1 DAGs
[2025-04-12T17:07:52.259+0000] {logging_mixin.py:188} INFO - [2025-04-12T17:07:52.259+0000] {dag.py:3823} INFO - Setting next_dagrun for populate_sampled_songs_enriched to None, run_after=None
[2025-04-12T17:07:52.267+0000] {processor.py:183} INFO - Processing /opt/airflow/dags/populate_enriched_table_dag.py took 0.719 seconds
[2025-04-12T17:08:22.325+0000] {processor.py:161} INFO - Started process (PID=3253) to work on /opt/airflow/dags/populate_enriched_table_dag.py
[2025-04-12T17:08:22.327+0000] {processor.py:830} INFO - Processing file /opt/airflow/dags/populate_enriched_table_dag.py for tasks to queue
[2025-04-12T17:08:22.331+0000] {logging_mixin.py:188} INFO - [2025-04-12T17:08:22.330+0000] {dagbag.py:538} INFO - Filling up the DagBag from /opt/airflow/dags/populate_enriched_table_dag.py
[2025-04-12T17:08:23.065+0000] {processor.py:840} INFO - DAG(s) 'populate_sampled_songs_enriched' retrieved from /opt/airflow/dags/populate_enriched_table_dag.py
[2025-04-12T17:08:23.119+0000] {logging_mixin.py:188} INFO - [2025-04-12T17:08:23.118+0000] {dag.py:3036} INFO - Sync 1 DAGs
[2025-04-12T17:08:23.136+0000] {logging_mixin.py:188} INFO - [2025-04-12T17:08:23.136+0000] {dag.py:3823} INFO - Setting next_dagrun for populate_sampled_songs_enriched to None, run_after=None
[2025-04-12T17:08:23.169+0000] {processor.py:183} INFO - Processing /opt/airflow/dags/populate_enriched_table_dag.py took 0.850 seconds
[2025-04-12T17:08:53.613+0000] {processor.py:161} INFO - Started process (PID=3329) to work on /opt/airflow/dags/populate_enriched_table_dag.py
[2025-04-12T17:08:53.617+0000] {processor.py:830} INFO - Processing file /opt/airflow/dags/populate_enriched_table_dag.py for tasks to queue
[2025-04-12T17:08:53.626+0000] {logging_mixin.py:188} INFO - [2025-04-12T17:08:53.626+0000] {dagbag.py:538} INFO - Filling up the DagBag from /opt/airflow/dags/populate_enriched_table_dag.py
[2025-04-12T17:08:54.218+0000] {processor.py:840} INFO - DAG(s) 'populate_sampled_songs_enriched' retrieved from /opt/airflow/dags/populate_enriched_table_dag.py
[2025-04-12T17:08:54.230+0000] {logging_mixin.py:188} INFO - [2025-04-12T17:08:54.229+0000] {dag.py:3036} INFO - Sync 1 DAGs
[2025-04-12T17:08:54.234+0000] {logging_mixin.py:188} INFO - [2025-04-12T17:08:54.234+0000] {dag.py:3823} INFO - Setting next_dagrun for populate_sampled_songs_enriched to None, run_after=None
[2025-04-12T17:08:54.244+0000] {processor.py:183} INFO - Processing /opt/airflow/dags/populate_enriched_table_dag.py took 0.666 seconds
[2025-04-12T17:09:24.388+0000] {processor.py:161} INFO - Started process (PID=3405) to work on /opt/airflow/dags/populate_enriched_table_dag.py
[2025-04-12T17:09:24.391+0000] {processor.py:830} INFO - Processing file /opt/airflow/dags/populate_enriched_table_dag.py for tasks to queue
[2025-04-12T17:09:24.392+0000] {logging_mixin.py:188} INFO - [2025-04-12T17:09:24.392+0000] {dagbag.py:538} INFO - Filling up the DagBag from /opt/airflow/dags/populate_enriched_table_dag.py
[2025-04-12T17:09:24.735+0000] {processor.py:840} INFO - DAG(s) 'populate_sampled_songs_enriched' retrieved from /opt/airflow/dags/populate_enriched_table_dag.py
[2025-04-12T17:09:24.747+0000] {logging_mixin.py:188} INFO - [2025-04-12T17:09:24.747+0000] {dag.py:3036} INFO - Sync 1 DAGs
[2025-04-12T17:09:24.753+0000] {logging_mixin.py:188} INFO - [2025-04-12T17:09:24.752+0000] {dag.py:3823} INFO - Setting next_dagrun for populate_sampled_songs_enriched to None, run_after=None
[2025-04-12T17:09:24.760+0000] {processor.py:183} INFO - Processing /opt/airflow/dags/populate_enriched_table_dag.py took 0.376 seconds
[2025-04-12T17:09:55.004+0000] {processor.py:161} INFO - Started process (PID=3466) to work on /opt/airflow/dags/populate_enriched_table_dag.py
[2025-04-12T17:09:55.009+0000] {processor.py:830} INFO - Processing file /opt/airflow/dags/populate_enriched_table_dag.py for tasks to queue
[2025-04-12T17:09:55.025+0000] {logging_mixin.py:188} INFO - [2025-04-12T17:09:55.023+0000] {dagbag.py:538} INFO - Filling up the DagBag from /opt/airflow/dags/populate_enriched_table_dag.py
[2025-04-12T17:09:55.614+0000] {processor.py:840} INFO - DAG(s) 'populate_sampled_songs_enriched' retrieved from /opt/airflow/dags/populate_enriched_table_dag.py
[2025-04-12T17:09:55.645+0000] {logging_mixin.py:188} INFO - [2025-04-12T17:09:55.645+0000] {dag.py:3036} INFO - Sync 1 DAGs
[2025-04-12T17:09:55.652+0000] {logging_mixin.py:188} INFO - [2025-04-12T17:09:55.652+0000] {dag.py:3823} INFO - Setting next_dagrun for populate_sampled_songs_enriched to None, run_after=None
[2025-04-12T17:09:55.665+0000] {processor.py:183} INFO - Processing /opt/airflow/dags/populate_enriched_table_dag.py took 0.672 seconds
[2025-04-12T17:10:26.328+0000] {processor.py:161} INFO - Started process (PID=3542) to work on /opt/airflow/dags/populate_enriched_table_dag.py
[2025-04-12T17:10:26.332+0000] {processor.py:830} INFO - Processing file /opt/airflow/dags/populate_enriched_table_dag.py for tasks to queue
[2025-04-12T17:10:26.341+0000] {logging_mixin.py:188} INFO - [2025-04-12T17:10:26.341+0000] {dagbag.py:538} INFO - Filling up the DagBag from /opt/airflow/dags/populate_enriched_table_dag.py
[2025-04-12T17:10:26.971+0000] {processor.py:840} INFO - DAG(s) 'populate_sampled_songs_enriched' retrieved from /opt/airflow/dags/populate_enriched_table_dag.py
[2025-04-12T17:10:26.982+0000] {logging_mixin.py:188} INFO - [2025-04-12T17:10:26.982+0000] {dag.py:3036} INFO - Sync 1 DAGs
[2025-04-12T17:10:26.987+0000] {logging_mixin.py:188} INFO - [2025-04-12T17:10:26.987+0000] {dag.py:3823} INFO - Setting next_dagrun for populate_sampled_songs_enriched to None, run_after=None
[2025-04-12T17:10:26.997+0000] {processor.py:183} INFO - Processing /opt/airflow/dags/populate_enriched_table_dag.py took 0.701 seconds
[2025-04-12T17:10:57.090+0000] {processor.py:161} INFO - Started process (PID=3618) to work on /opt/airflow/dags/populate_enriched_table_dag.py
[2025-04-12T17:10:57.092+0000] {processor.py:830} INFO - Processing file /opt/airflow/dags/populate_enriched_table_dag.py for tasks to queue
[2025-04-12T17:10:57.102+0000] {logging_mixin.py:188} INFO - [2025-04-12T17:10:57.101+0000] {dagbag.py:538} INFO - Filling up the DagBag from /opt/airflow/dags/populate_enriched_table_dag.py
[2025-04-12T17:10:57.751+0000] {processor.py:840} INFO - DAG(s) 'populate_sampled_songs_enriched' retrieved from /opt/airflow/dags/populate_enriched_table_dag.py
[2025-04-12T17:10:57.767+0000] {logging_mixin.py:188} INFO - [2025-04-12T17:10:57.767+0000] {dag.py:3036} INFO - Sync 1 DAGs
[2025-04-12T17:10:57.776+0000] {logging_mixin.py:188} INFO - [2025-04-12T17:10:57.776+0000] {dag.py:3823} INFO - Setting next_dagrun for populate_sampled_songs_enriched to None, run_after=None
[2025-04-12T17:10:57.791+0000] {processor.py:183} INFO - Processing /opt/airflow/dags/populate_enriched_table_dag.py took 0.716 seconds
[2025-04-12T17:11:27.880+0000] {processor.py:161} INFO - Started process (PID=3679) to work on /opt/airflow/dags/populate_enriched_table_dag.py
[2025-04-12T17:11:27.921+0000] {processor.py:830} INFO - Processing file /opt/airflow/dags/populate_enriched_table_dag.py for tasks to queue
[2025-04-12T17:11:27.925+0000] {logging_mixin.py:188} INFO - [2025-04-12T17:11:27.925+0000] {dagbag.py:538} INFO - Filling up the DagBag from /opt/airflow/dags/populate_enriched_table_dag.py
[2025-04-12T17:11:28.450+0000] {processor.py:840} INFO - DAG(s) 'populate_sampled_songs_enriched' retrieved from /opt/airflow/dags/populate_enriched_table_dag.py
[2025-04-12T17:11:28.476+0000] {logging_mixin.py:188} INFO - [2025-04-12T17:11:28.476+0000] {dag.py:3036} INFO - Sync 1 DAGs
[2025-04-12T17:11:28.489+0000] {logging_mixin.py:188} INFO - [2025-04-12T17:11:28.489+0000] {dag.py:3823} INFO - Setting next_dagrun for populate_sampled_songs_enriched to None, run_after=None
[2025-04-12T17:11:28.504+0000] {processor.py:183} INFO - Processing /opt/airflow/dags/populate_enriched_table_dag.py took 0.632 seconds
[2025-04-12T17:11:59.204+0000] {processor.py:161} INFO - Started process (PID=3755) to work on /opt/airflow/dags/populate_enriched_table_dag.py
[2025-04-12T17:11:59.206+0000] {processor.py:830} INFO - Processing file /opt/airflow/dags/populate_enriched_table_dag.py for tasks to queue
[2025-04-12T17:11:59.209+0000] {logging_mixin.py:188} INFO - [2025-04-12T17:11:59.208+0000] {dagbag.py:538} INFO - Filling up the DagBag from /opt/airflow/dags/populate_enriched_table_dag.py
[2025-04-12T17:11:59.759+0000] {processor.py:840} INFO - DAG(s) 'populate_sampled_songs_enriched' retrieved from /opt/airflow/dags/populate_enriched_table_dag.py
[2025-04-12T17:11:59.772+0000] {logging_mixin.py:188} INFO - [2025-04-12T17:11:59.772+0000] {dag.py:3036} INFO - Sync 1 DAGs
[2025-04-12T17:11:59.778+0000] {logging_mixin.py:188} INFO - [2025-04-12T17:11:59.778+0000] {dag.py:3823} INFO - Setting next_dagrun for populate_sampled_songs_enriched to None, run_after=None
[2025-04-12T17:11:59.793+0000] {processor.py:183} INFO - Processing /opt/airflow/dags/populate_enriched_table_dag.py took 0.594 seconds
[2025-04-12T17:12:30.024+0000] {processor.py:161} INFO - Started process (PID=3831) to work on /opt/airflow/dags/populate_enriched_table_dag.py
[2025-04-12T17:12:30.032+0000] {processor.py:830} INFO - Processing file /opt/airflow/dags/populate_enriched_table_dag.py for tasks to queue
[2025-04-12T17:12:30.035+0000] {logging_mixin.py:188} INFO - [2025-04-12T17:12:30.035+0000] {dagbag.py:538} INFO - Filling up the DagBag from /opt/airflow/dags/populate_enriched_table_dag.py
[2025-04-12T17:12:30.643+0000] {processor.py:840} INFO - DAG(s) 'populate_sampled_songs_enriched' retrieved from /opt/airflow/dags/populate_enriched_table_dag.py
[2025-04-12T17:12:30.668+0000] {logging_mixin.py:188} INFO - [2025-04-12T17:12:30.667+0000] {dag.py:3036} INFO - Sync 1 DAGs
[2025-04-12T17:12:30.675+0000] {logging_mixin.py:188} INFO - [2025-04-12T17:12:30.675+0000] {dag.py:3823} INFO - Setting next_dagrun for populate_sampled_songs_enriched to None, run_after=None
[2025-04-12T17:12:30.687+0000] {processor.py:183} INFO - Processing /opt/airflow/dags/populate_enriched_table_dag.py took 0.669 seconds
[2025-04-12T17:13:00.735+0000] {processor.py:161} INFO - Started process (PID=3907) to work on /opt/airflow/dags/populate_enriched_table_dag.py
[2025-04-12T17:13:00.740+0000] {processor.py:830} INFO - Processing file /opt/airflow/dags/populate_enriched_table_dag.py for tasks to queue
[2025-04-12T17:13:00.745+0000] {logging_mixin.py:188} INFO - [2025-04-12T17:13:00.745+0000] {dagbag.py:538} INFO - Filling up the DagBag from /opt/airflow/dags/populate_enriched_table_dag.py
[2025-04-12T17:13:01.358+0000] {processor.py:840} INFO - DAG(s) 'populate_sampled_songs_enriched' retrieved from /opt/airflow/dags/populate_enriched_table_dag.py
[2025-04-12T17:13:01.368+0000] {logging_mixin.py:188} INFO - [2025-04-12T17:13:01.368+0000] {dag.py:3036} INFO - Sync 1 DAGs
[2025-04-12T17:13:01.373+0000] {logging_mixin.py:188} INFO - [2025-04-12T17:13:01.373+0000] {dag.py:3823} INFO - Setting next_dagrun for populate_sampled_songs_enriched to None, run_after=None
[2025-04-12T17:13:01.382+0000] {processor.py:183} INFO - Processing /opt/airflow/dags/populate_enriched_table_dag.py took 0.660 seconds
[2025-04-12T17:13:32.047+0000] {processor.py:161} INFO - Started process (PID=3972) to work on /opt/airflow/dags/populate_enriched_table_dag.py
[2025-04-12T17:13:32.048+0000] {processor.py:830} INFO - Processing file /opt/airflow/dags/populate_enriched_table_dag.py for tasks to queue
[2025-04-12T17:13:32.052+0000] {logging_mixin.py:188} INFO - [2025-04-12T17:13:32.052+0000] {dagbag.py:538} INFO - Filling up the DagBag from /opt/airflow/dags/populate_enriched_table_dag.py
[2025-04-12T17:13:32.777+0000] {processor.py:840} INFO - DAG(s) 'populate_sampled_songs_enriched' retrieved from /opt/airflow/dags/populate_enriched_table_dag.py
[2025-04-12T17:13:32.796+0000] {logging_mixin.py:188} INFO - [2025-04-12T17:13:32.796+0000] {dag.py:3036} INFO - Sync 1 DAGs
[2025-04-12T17:13:32.805+0000] {logging_mixin.py:188} INFO - [2025-04-12T17:13:32.804+0000] {dag.py:3823} INFO - Setting next_dagrun for populate_sampled_songs_enriched to None, run_after=None
[2025-04-12T17:13:32.816+0000] {processor.py:183} INFO - Processing /opt/airflow/dags/populate_enriched_table_dag.py took 0.774 seconds
[2025-04-12T17:14:02.847+0000] {processor.py:161} INFO - Started process (PID=4046) to work on /opt/airflow/dags/populate_enriched_table_dag.py
[2025-04-12T17:14:02.849+0000] {processor.py:830} INFO - Processing file /opt/airflow/dags/populate_enriched_table_dag.py for tasks to queue
[2025-04-12T17:14:02.851+0000] {logging_mixin.py:188} INFO - [2025-04-12T17:14:02.850+0000] {dagbag.py:538} INFO - Filling up the DagBag from /opt/airflow/dags/populate_enriched_table_dag.py
[2025-04-12T17:14:03.731+0000] {processor.py:840} INFO - DAG(s) 'populate_sampled_songs_enriched' retrieved from /opt/airflow/dags/populate_enriched_table_dag.py
[2025-04-12T17:14:03.767+0000] {logging_mixin.py:188} INFO - [2025-04-12T17:14:03.766+0000] {dag.py:3036} INFO - Sync 1 DAGs
[2025-04-12T17:14:03.785+0000] {logging_mixin.py:188} INFO - [2025-04-12T17:14:03.784+0000] {dag.py:3823} INFO - Setting next_dagrun for populate_sampled_songs_enriched to None, run_after=None
[2025-04-12T17:14:03.805+0000] {processor.py:183} INFO - Processing /opt/airflow/dags/populate_enriched_table_dag.py took 0.963 seconds
[2025-04-12T17:14:34.036+0000] {processor.py:161} INFO - Started process (PID=4120) to work on /opt/airflow/dags/populate_enriched_table_dag.py
[2025-04-12T17:14:34.039+0000] {processor.py:830} INFO - Processing file /opt/airflow/dags/populate_enriched_table_dag.py for tasks to queue
[2025-04-12T17:14:34.050+0000] {logging_mixin.py:188} INFO - [2025-04-12T17:14:34.049+0000] {dagbag.py:538} INFO - Filling up the DagBag from /opt/airflow/dags/populate_enriched_table_dag.py
[2025-04-12T17:14:34.492+0000] {processor.py:840} INFO - DAG(s) 'populate_sampled_songs_enriched' retrieved from /opt/airflow/dags/populate_enriched_table_dag.py
[2025-04-12T17:14:34.503+0000] {logging_mixin.py:188} INFO - [2025-04-12T17:14:34.502+0000] {dag.py:3036} INFO - Sync 1 DAGs
[2025-04-12T17:14:34.516+0000] {logging_mixin.py:188} INFO - [2025-04-12T17:14:34.516+0000] {dag.py:3823} INFO - Setting next_dagrun for populate_sampled_songs_enriched to None, run_after=None
[2025-04-12T17:14:34.537+0000] {processor.py:183} INFO - Processing /opt/airflow/dags/populate_enriched_table_dag.py took 0.511 seconds
[2025-04-12T17:15:04.738+0000] {processor.py:161} INFO - Started process (PID=4196) to work on /opt/airflow/dags/populate_enriched_table_dag.py
[2025-04-12T17:15:04.740+0000] {processor.py:830} INFO - Processing file /opt/airflow/dags/populate_enriched_table_dag.py for tasks to queue
[2025-04-12T17:15:04.747+0000] {logging_mixin.py:188} INFO - [2025-04-12T17:15:04.746+0000] {dagbag.py:538} INFO - Filling up the DagBag from /opt/airflow/dags/populate_enriched_table_dag.py
[2025-04-12T17:15:05.127+0000] {processor.py:840} INFO - DAG(s) 'populate_sampled_songs_enriched' retrieved from /opt/airflow/dags/populate_enriched_table_dag.py
[2025-04-12T17:15:05.141+0000] {logging_mixin.py:188} INFO - [2025-04-12T17:15:05.141+0000] {dag.py:3036} INFO - Sync 1 DAGs
[2025-04-12T17:15:05.149+0000] {logging_mixin.py:188} INFO - [2025-04-12T17:15:05.149+0000] {dag.py:3823} INFO - Setting next_dagrun for populate_sampled_songs_enriched to None, run_after=None
[2025-04-12T17:15:05.159+0000] {processor.py:183} INFO - Processing /opt/airflow/dags/populate_enriched_table_dag.py took 0.430 seconds
[2025-04-12T17:15:35.739+0000] {processor.py:161} INFO - Started process (PID=4257) to work on /opt/airflow/dags/populate_enriched_table_dag.py
[2025-04-12T17:15:35.742+0000] {processor.py:830} INFO - Processing file /opt/airflow/dags/populate_enriched_table_dag.py for tasks to queue
[2025-04-12T17:15:35.820+0000] {logging_mixin.py:188} INFO - [2025-04-12T17:15:35.819+0000] {dagbag.py:538} INFO - Filling up the DagBag from /opt/airflow/dags/populate_enriched_table_dag.py
[2025-04-12T17:15:36.199+0000] {processor.py:840} INFO - DAG(s) 'populate_sampled_songs_enriched' retrieved from /opt/airflow/dags/populate_enriched_table_dag.py
[2025-04-12T17:15:36.230+0000] {logging_mixin.py:188} INFO - [2025-04-12T17:15:36.230+0000] {dag.py:3036} INFO - Sync 1 DAGs
[2025-04-12T17:15:36.238+0000] {logging_mixin.py:188} INFO - [2025-04-12T17:15:36.238+0000] {dag.py:3823} INFO - Setting next_dagrun for populate_sampled_songs_enriched to None, run_after=None
[2025-04-12T17:15:36.248+0000] {processor.py:183} INFO - Processing /opt/airflow/dags/populate_enriched_table_dag.py took 0.518 seconds
[2025-04-12T17:16:06.713+0000] {processor.py:161} INFO - Started process (PID=4333) to work on /opt/airflow/dags/populate_enriched_table_dag.py
[2025-04-12T17:16:06.718+0000] {processor.py:830} INFO - Processing file /opt/airflow/dags/populate_enriched_table_dag.py for tasks to queue
[2025-04-12T17:16:06.723+0000] {logging_mixin.py:188} INFO - [2025-04-12T17:16:06.722+0000] {dagbag.py:538} INFO - Filling up the DagBag from /opt/airflow/dags/populate_enriched_table_dag.py
[2025-04-12T17:16:07.038+0000] {processor.py:840} INFO - DAG(s) 'populate_sampled_songs_enriched' retrieved from /opt/airflow/dags/populate_enriched_table_dag.py
[2025-04-12T17:16:07.052+0000] {logging_mixin.py:188} INFO - [2025-04-12T17:16:07.052+0000] {dag.py:3036} INFO - Sync 1 DAGs
[2025-04-12T17:16:07.058+0000] {logging_mixin.py:188} INFO - [2025-04-12T17:16:07.058+0000] {dag.py:3823} INFO - Setting next_dagrun for populate_sampled_songs_enriched to None, run_after=None
[2025-04-12T17:16:07.068+0000] {processor.py:183} INFO - Processing /opt/airflow/dags/populate_enriched_table_dag.py took 0.365 seconds
[2025-04-12T17:16:37.174+0000] {processor.py:161} INFO - Started process (PID=4409) to work on /opt/airflow/dags/populate_enriched_table_dag.py
[2025-04-12T17:16:37.180+0000] {processor.py:830} INFO - Processing file /opt/airflow/dags/populate_enriched_table_dag.py for tasks to queue
[2025-04-12T17:16:37.187+0000] {logging_mixin.py:188} INFO - [2025-04-12T17:16:37.186+0000] {dagbag.py:538} INFO - Filling up the DagBag from /opt/airflow/dags/populate_enriched_table_dag.py
[2025-04-12T17:16:37.644+0000] {processor.py:840} INFO - DAG(s) 'populate_sampled_songs_enriched' retrieved from /opt/airflow/dags/populate_enriched_table_dag.py
[2025-04-12T17:16:37.663+0000] {logging_mixin.py:188} INFO - [2025-04-12T17:16:37.663+0000] {dag.py:3036} INFO - Sync 1 DAGs
[2025-04-12T17:16:37.670+0000] {logging_mixin.py:188} INFO - [2025-04-12T17:16:37.670+0000] {dag.py:3823} INFO - Setting next_dagrun for populate_sampled_songs_enriched to None, run_after=None
[2025-04-12T17:16:37.681+0000] {processor.py:183} INFO - Processing /opt/airflow/dags/populate_enriched_table_dag.py took 0.525 seconds
[2025-04-12T17:17:08.031+0000] {processor.py:161} INFO - Started process (PID=4488) to work on /opt/airflow/dags/populate_enriched_table_dag.py
[2025-04-12T17:17:08.032+0000] {processor.py:830} INFO - Processing file /opt/airflow/dags/populate_enriched_table_dag.py for tasks to queue
[2025-04-12T17:17:08.033+0000] {logging_mixin.py:188} INFO - [2025-04-12T17:17:08.033+0000] {dagbag.py:538} INFO - Filling up the DagBag from /opt/airflow/dags/populate_enriched_table_dag.py
[2025-04-12T17:17:08.308+0000] {processor.py:840} INFO - DAG(s) 'populate_sampled_songs_enriched' retrieved from /opt/airflow/dags/populate_enriched_table_dag.py
[2025-04-12T17:17:08.318+0000] {logging_mixin.py:188} INFO - [2025-04-12T17:17:08.318+0000] {dag.py:3036} INFO - Sync 1 DAGs
[2025-04-12T17:17:08.324+0000] {logging_mixin.py:188} INFO - [2025-04-12T17:17:08.324+0000] {dag.py:3823} INFO - Setting next_dagrun for populate_sampled_songs_enriched to None, run_after=None
[2025-04-12T17:17:08.331+0000] {processor.py:183} INFO - Processing /opt/airflow/dags/populate_enriched_table_dag.py took 0.304 seconds
[2025-04-12T17:17:38.368+0000] {processor.py:161} INFO - Started process (PID=4549) to work on /opt/airflow/dags/populate_enriched_table_dag.py
[2025-04-12T17:17:38.370+0000] {processor.py:830} INFO - Processing file /opt/airflow/dags/populate_enriched_table_dag.py for tasks to queue
[2025-04-12T17:17:38.371+0000] {logging_mixin.py:188} INFO - [2025-04-12T17:17:38.371+0000] {dagbag.py:538} INFO - Filling up the DagBag from /opt/airflow/dags/populate_enriched_table_dag.py
[2025-04-12T17:17:38.599+0000] {processor.py:840} INFO - DAG(s) 'populate_sampled_songs_enriched' retrieved from /opt/airflow/dags/populate_enriched_table_dag.py
[2025-04-12T17:17:38.609+0000] {logging_mixin.py:188} INFO - [2025-04-12T17:17:38.609+0000] {dag.py:3036} INFO - Sync 1 DAGs
[2025-04-12T17:17:38.616+0000] {logging_mixin.py:188} INFO - [2025-04-12T17:17:38.616+0000] {dag.py:3823} INFO - Setting next_dagrun for populate_sampled_songs_enriched to None, run_after=None
[2025-04-12T17:17:38.624+0000] {processor.py:183} INFO - Processing /opt/airflow/dags/populate_enriched_table_dag.py took 0.258 seconds
[2025-04-12T17:18:08.906+0000] {processor.py:161} INFO - Started process (PID=4622) to work on /opt/airflow/dags/populate_enriched_table_dag.py
[2025-04-12T17:18:08.908+0000] {processor.py:830} INFO - Processing file /opt/airflow/dags/populate_enriched_table_dag.py for tasks to queue
[2025-04-12T17:18:08.911+0000] {logging_mixin.py:188} INFO - [2025-04-12T17:18:08.911+0000] {dagbag.py:538} INFO - Filling up the DagBag from /opt/airflow/dags/populate_enriched_table_dag.py
[2025-04-12T17:18:09.251+0000] {processor.py:840} INFO - DAG(s) 'populate_sampled_songs_enriched' retrieved from /opt/airflow/dags/populate_enriched_table_dag.py
[2025-04-12T17:18:09.262+0000] {logging_mixin.py:188} INFO - [2025-04-12T17:18:09.262+0000] {dag.py:3036} INFO - Sync 1 DAGs
[2025-04-12T17:18:09.268+0000] {logging_mixin.py:188} INFO - [2025-04-12T17:18:09.268+0000] {dag.py:3823} INFO - Setting next_dagrun for populate_sampled_songs_enriched to None, run_after=None
[2025-04-12T17:18:09.287+0000] {processor.py:183} INFO - Processing /opt/airflow/dags/populate_enriched_table_dag.py took 0.388 seconds
[2025-04-12T17:18:39.394+0000] {processor.py:161} INFO - Started process (PID=4698) to work on /opt/airflow/dags/populate_enriched_table_dag.py
[2025-04-12T17:18:39.398+0000] {processor.py:830} INFO - Processing file /opt/airflow/dags/populate_enriched_table_dag.py for tasks to queue
[2025-04-12T17:18:39.399+0000] {logging_mixin.py:188} INFO - [2025-04-12T17:18:39.399+0000] {dagbag.py:538} INFO - Filling up the DagBag from /opt/airflow/dags/populate_enriched_table_dag.py
[2025-04-12T17:18:39.713+0000] {processor.py:840} INFO - DAG(s) 'populate_sampled_songs_enriched' retrieved from /opt/airflow/dags/populate_enriched_table_dag.py
[2025-04-12T17:18:39.725+0000] {logging_mixin.py:188} INFO - [2025-04-12T17:18:39.725+0000] {dag.py:3036} INFO - Sync 1 DAGs
[2025-04-12T17:18:39.731+0000] {logging_mixin.py:188} INFO - [2025-04-12T17:18:39.731+0000] {dag.py:3823} INFO - Setting next_dagrun for populate_sampled_songs_enriched to None, run_after=None
[2025-04-12T17:18:39.740+0000] {processor.py:183} INFO - Processing /opt/airflow/dags/populate_enriched_table_dag.py took 0.350 seconds
[2025-04-12T17:19:10.045+0000] {processor.py:161} INFO - Started process (PID=4774) to work on /opt/airflow/dags/populate_enriched_table_dag.py
[2025-04-12T17:19:10.046+0000] {processor.py:830} INFO - Processing file /opt/airflow/dags/populate_enriched_table_dag.py for tasks to queue
[2025-04-12T17:19:10.048+0000] {logging_mixin.py:188} INFO - [2025-04-12T17:19:10.048+0000] {dagbag.py:538} INFO - Filling up the DagBag from /opt/airflow/dags/populate_enriched_table_dag.py
[2025-04-12T17:19:10.300+0000] {processor.py:840} INFO - DAG(s) 'populate_sampled_songs_enriched' retrieved from /opt/airflow/dags/populate_enriched_table_dag.py
[2025-04-12T17:19:10.321+0000] {logging_mixin.py:188} INFO - [2025-04-12T17:19:10.321+0000] {dag.py:3036} INFO - Sync 1 DAGs
[2025-04-12T17:19:10.328+0000] {logging_mixin.py:188} INFO - [2025-04-12T17:19:10.328+0000] {dag.py:3823} INFO - Setting next_dagrun for populate_sampled_songs_enriched to None, run_after=None
[2025-04-12T17:19:10.337+0000] {processor.py:183} INFO - Processing /opt/airflow/dags/populate_enriched_table_dag.py took 0.298 seconds
[2025-04-12T17:19:40.537+0000] {processor.py:161} INFO - Started process (PID=4833) to work on /opt/airflow/dags/populate_enriched_table_dag.py
[2025-04-12T17:19:40.540+0000] {processor.py:830} INFO - Processing file /opt/airflow/dags/populate_enriched_table_dag.py for tasks to queue
[2025-04-12T17:19:40.548+0000] {logging_mixin.py:188} INFO - [2025-04-12T17:19:40.548+0000] {dagbag.py:538} INFO - Filling up the DagBag from /opt/airflow/dags/populate_enriched_table_dag.py
[2025-04-12T17:19:40.958+0000] {processor.py:840} INFO - DAG(s) 'populate_sampled_songs_enriched' retrieved from /opt/airflow/dags/populate_enriched_table_dag.py
[2025-04-12T17:19:40.979+0000] {logging_mixin.py:188} INFO - [2025-04-12T17:19:40.978+0000] {dag.py:3036} INFO - Sync 1 DAGs
[2025-04-12T17:19:40.989+0000] {logging_mixin.py:188} INFO - [2025-04-12T17:19:40.989+0000] {dag.py:3823} INFO - Setting next_dagrun for populate_sampled_songs_enriched to None, run_after=None
[2025-04-12T17:19:41.009+0000] {processor.py:183} INFO - Processing /opt/airflow/dags/populate_enriched_table_dag.py took 0.497 seconds
[2025-04-12T17:20:11.935+0000] {processor.py:161} INFO - Started process (PID=4909) to work on /opt/airflow/dags/populate_enriched_table_dag.py
[2025-04-12T17:20:11.946+0000] {processor.py:830} INFO - Processing file /opt/airflow/dags/populate_enriched_table_dag.py for tasks to queue
[2025-04-12T17:20:11.951+0000] {logging_mixin.py:188} INFO - [2025-04-12T17:20:11.950+0000] {dagbag.py:538} INFO - Filling up the DagBag from /opt/airflow/dags/populate_enriched_table_dag.py
[2025-04-12T17:20:12.336+0000] {processor.py:840} INFO - DAG(s) 'populate_sampled_songs_enriched' retrieved from /opt/airflow/dags/populate_enriched_table_dag.py
[2025-04-12T17:20:12.371+0000] {logging_mixin.py:188} INFO - [2025-04-12T17:20:12.371+0000] {dag.py:3036} INFO - Sync 1 DAGs
[2025-04-12T17:20:12.383+0000] {logging_mixin.py:188} INFO - [2025-04-12T17:20:12.383+0000] {dag.py:3823} INFO - Setting next_dagrun for populate_sampled_songs_enriched to None, run_after=None
[2025-04-12T17:20:12.401+0000] {processor.py:183} INFO - Processing /opt/airflow/dags/populate_enriched_table_dag.py took 0.482 seconds
