[2025-04-12T17:05:40.751+0000] {taskinstance.py:1956} INFO - Dependencies all met for dep_context=non-requeueable deps ti=<TaskInstance: populate_sampled_songs_enriched.populate_enriched_table manual__2025-04-12T17:00:35.345838+00:00 [queued]>
[2025-04-12T17:05:40.754+0000] {taskinstance.py:1956} INFO - Dependencies all met for dep_context=requeueable deps ti=<TaskInstance: populate_sampled_songs_enriched.populate_enriched_table manual__2025-04-12T17:00:35.345838+00:00 [queued]>
[2025-04-12T17:05:40.754+0000] {taskinstance.py:2170} INFO - Starting attempt 2 of 2
[2025-04-12T17:05:40.759+0000] {taskinstance.py:2191} INFO - Executing <Task(PythonOperator): populate_enriched_table> on 2025-04-12 17:00:35.345838+00:00
[2025-04-12T17:05:40.764+0000] {standard_task_runner.py:60} INFO - Started process 433 to run task
[2025-04-12T17:05:40.769+0000] {standard_task_runner.py:87} INFO - Running: ['***', 'tasks', 'run', 'populate_sampled_songs_enriched', 'populate_enriched_table', 'manual__2025-04-12T17:00:35.345838+00:00', '--job-id', '199', '--raw', '--subdir', 'DAGS_FOLDER/populate_enriched_table_dag.py', '--cfg-path', '/tmp/tmpv0xpztz6']
[2025-04-12T17:05:40.770+0000] {standard_task_runner.py:88} INFO - Job 199: Subtask populate_enriched_table
[2025-04-12T17:05:40.805+0000] {task_command.py:423} INFO - Running <TaskInstance: populate_sampled_songs_enriched.populate_enriched_table manual__2025-04-12T17:00:35.345838+00:00 [running]> on host cea305b355c8
[2025-04-12T17:05:40.837+0000] {taskinstance.py:2480} INFO - Exporting env vars: AIRFLOW_CTX_DAG_OWNER='***' AIRFLOW_CTX_DAG_ID='populate_sampled_songs_enriched' AIRFLOW_CTX_TASK_ID='populate_enriched_table' AIRFLOW_CTX_EXECUTION_DATE='2025-04-12T17:00:35.345838+00:00' AIRFLOW_CTX_TRY_NUMBER='2' AIRFLOW_CTX_DAG_RUN_ID='manual__2025-04-12T17:00:35.345838+00:00'
[2025-04-12T17:05:40.838+0000] {connection.py:370} INFO - Snowflake Connector for Python Version: 3.6.0, Python Version: 3.8.18, Platform: Linux-6.12.5-linuxkit-aarch64-with-glibc2.34
[2025-04-12T17:05:40.839+0000] {connection.py:1171} INFO - This connection is in OCSP Fail Open Mode. TLS Certificates would be checked for validity and revocation status. Any other Certificate Revocation related exceptions or OCSP Responder failures would be disregarded in favor of connectivity.
[2025-04-12T17:05:41.275+0000] {cursor.py:1028} INFO - query: [CREATE TABLE IF NOT EXISTS SAMPLED_SONGS_ENRICHED ( title STRING, youtube_url ST...]
[2025-04-12T17:05:41.374+0000] {cursor.py:1041} INFO - query execution done
[2025-04-12T17:05:41.377+0000] {cursor.py:1205} INFO - Number of results in first chunk: 1
[2025-04-12T17:05:41.379+0000] {cursor.py:1028} INFO - query: [SELECT * FROM SAMPLED_SONGS_STAGING]
[2025-04-12T17:05:41.480+0000] {cursor.py:1041} INFO - query execution done
[2025-04-12T17:05:41.501+0000] {cursor.py:1205} INFO - Number of results in first chunk: 1
[2025-04-12T17:05:41.584+0000] {cursor.py:1028} INFO - query: [MERGE INTO SAMPLED_SONGS_ENRICHED AS target USING (SELECT 'https://www.youtube.c...]
[2025-04-12T17:05:41.646+0000] {cursor.py:1041} INFO - query execution done
[2025-04-12T17:05:41.654+0000] {taskinstance.py:2698} ERROR - Task failed with exception
Traceback (most recent call last):
  File "/home/airflow/.local/lib/python3.8/site-packages/airflow/models/taskinstance.py", line 433, in _execute_task
    result = execute_callable(context=context, **execute_callable_kwargs)
  File "/home/airflow/.local/lib/python3.8/site-packages/airflow/operators/python.py", line 199, in execute
    return_value = self.execute_callable()
  File "/home/airflow/.local/lib/python3.8/site-packages/airflow/operators/python.py", line 216, in execute_callable
    return self.python_callable(*self.op_args, **self.op_kwargs)
  File "/opt/airflow/backend/rag_pipeline/populate_enriched_table.py", line 85, in populate_enriched_table
    cursor.execute("""
  File "/home/airflow/.local/lib/python3.8/site-packages/snowflake/connector/cursor.py", line 1132, in execute
    Error.errorhandler_wrapper(self.connection, self, error_class, errvalue)
  File "/home/airflow/.local/lib/python3.8/site-packages/snowflake/connector/errors.py", line 290, in errorhandler_wrapper
    handed_over = Error.hand_to_other_handler(
  File "/home/airflow/.local/lib/python3.8/site-packages/snowflake/connector/errors.py", line 345, in hand_to_other_handler
    cursor.errorhandler(connection, cursor, error_class, error_value)
  File "/home/airflow/.local/lib/python3.8/site-packages/snowflake/connector/errors.py", line 221, in default_errorhandler
    raise error_class(
snowflake.connector.errors.ProgrammingError: 002025 (42S21): 01bba4c1-020d-034d-000d-5acb00067422: SQL compilation error:
duplicate column name 'DURATION'
[2025-04-12T17:05:41.668+0000] {taskinstance.py:1138} INFO - Marking task as FAILED. dag_id=populate_sampled_songs_enriched, task_id=populate_enriched_table, execution_date=20250412T170035, start_date=20250412T170540, end_date=20250412T170541
[2025-04-12T17:05:41.680+0000] {standard_task_runner.py:107} ERROR - Failed to execute job 199 for task populate_enriched_table (002025 (42S21): 01bba4c1-020d-034d-000d-5acb00067422: SQL compilation error:
duplicate column name 'DURATION'; 433)
[2025-04-12T17:05:41.712+0000] {local_task_job_runner.py:234} INFO - Task exited with return code 1
[2025-04-12T17:05:41.735+0000] {taskinstance.py:3280} INFO - 0 downstream tasks scheduled from follow-on schedule check
