[2025-04-15T13:25:58.740+0000] {taskinstance.py:1956} INFO - Dependencies all met for dep_context=non-requeueable deps ti=<TaskInstance: populate_sampled_songs_enriched.populate_enriched_table manual__2025-04-15T13:24:23.936552+00:00 [queued]>
[2025-04-15T13:25:58.751+0000] {taskinstance.py:1956} INFO - Dependencies all met for dep_context=requeueable deps ti=<TaskInstance: populate_sampled_songs_enriched.populate_enriched_table manual__2025-04-15T13:24:23.936552+00:00 [queued]>
[2025-04-15T13:25:58.753+0000] {taskinstance.py:2170} INFO - Starting attempt 2 of 3
[2025-04-15T13:25:58.764+0000] {taskinstance.py:2191} INFO - Executing <Task(PythonOperator): populate_enriched_table> on 2025-04-15 13:24:23.936552+00:00
[2025-04-15T13:25:58.775+0000] {standard_task_runner.py:60} INFO - Started process 18953 to run task
[2025-04-15T13:25:58.779+0000] {standard_task_runner.py:87} INFO - Running: ['***', 'tasks', 'run', 'populate_sampled_songs_enriched', 'populate_enriched_table', 'manual__2025-04-15T13:24:23.936552+00:00', '--job-id', '236', '--raw', '--subdir', 'DAGS_FOLDER/populate_enriched_table_dag.py', '--cfg-path', '/tmp/tmpmcyu1j5p']
[2025-04-15T13:25:58.780+0000] {standard_task_runner.py:88} INFO - Job 236: Subtask populate_enriched_table
[2025-04-15T13:25:58.812+0000] {task_command.py:423} INFO - Running <TaskInstance: populate_sampled_songs_enriched.populate_enriched_table manual__2025-04-15T13:24:23.936552+00:00 [running]> on host d8146153ddc3
[2025-04-15T13:25:58.879+0000] {taskinstance.py:2480} INFO - Exporting env vars: AIRFLOW_CTX_DAG_OWNER='***' AIRFLOW_CTX_DAG_ID='populate_sampled_songs_enriched' AIRFLOW_CTX_TASK_ID='populate_enriched_table' AIRFLOW_CTX_EXECUTION_DATE='2025-04-15T13:24:23.936552+00:00' AIRFLOW_CTX_TRY_NUMBER='2' AIRFLOW_CTX_DAG_RUN_ID='manual__2025-04-15T13:24:23.936552+00:00'
[2025-04-15T13:25:58.880+0000] {connection.py:370} INFO - Snowflake Connector for Python Version: 3.6.0, Python Version: 3.8.18, Platform: Linux-6.12.5-linuxkit-aarch64-with-glibc2.34
[2025-04-15T13:25:58.881+0000] {connection.py:1171} INFO - This connection is in OCSP Fail Open Mode. TLS Certificates would be checked for validity and revocation status. Any other Certificate Revocation related exceptions or OCSP Responder failures would be disregarded in favor of connectivity.
[2025-04-15T13:25:59.521+0000] {cursor.py:1028} INFO - query: [CREATE TABLE IF NOT EXISTS SAMPLED_SONGS_ENRICHED ( title STRING, youtube_url ST...]
[2025-04-15T13:25:59.606+0000] {cursor.py:1041} INFO - query execution done
[2025-04-15T13:25:59.610+0000] {cursor.py:1205} INFO - Number of results in first chunk: 1
[2025-04-15T13:25:59.612+0000] {cursor.py:1028} INFO - query: [SELECT * FROM SAMPLED_SONGS_STAGING]
[2025-04-15T13:25:59.829+0000] {cursor.py:1041} INFO - query execution done
[2025-04-15T13:25:59.831+0000] {cursor.py:1205} INFO - Number of results in first chunk: 45
[2025-04-15T13:25:59.853+0000] {taskinstance.py:2698} ERROR - Task failed with exception
Traceback (most recent call last):
  File "/home/airflow/.local/lib/python3.8/site-packages/airflow/models/taskinstance.py", line 433, in _execute_task
    result = execute_callable(context=context, **execute_callable_kwargs)
  File "/home/airflow/.local/lib/python3.8/site-packages/airflow/operators/python.py", line 199, in execute
    return_value = self.execute_callable()
  File "/home/airflow/.local/lib/python3.8/site-packages/airflow/operators/python.py", line 216, in execute_callable
    return self.python_callable(*self.op_args, **self.op_kwargs)
  File "/opt/airflow/backend/rag_pipeline/populate_enriched_table.py", line 87, in populate_enriched_table
    cursor.execute("""
  File "/home/airflow/.local/lib/python3.8/site-packages/snowflake/connector/cursor.py", line 996, in execute
    query = self._preprocess_pyformat_query(command, params)
  File "/home/airflow/.local/lib/python3.8/site-packages/snowflake/connector/cursor.py", line 828, in _preprocess_pyformat_query
    query = command % processed_params
TypeError: not all arguments converted during string formatting
[2025-04-15T13:25:59.899+0000] {taskinstance.py:1138} INFO - Marking task as UP_FOR_RETRY. dag_id=populate_sampled_songs_enriched, task_id=populate_enriched_table, execution_date=20250415T132423, start_date=20250415T132558, end_date=20250415T132559
[2025-04-15T13:25:59.916+0000] {standard_task_runner.py:107} ERROR - Failed to execute job 236 for task populate_enriched_table (not all arguments converted during string formatting; 18953)
[2025-04-15T13:25:59.959+0000] {local_task_job_runner.py:234} INFO - Task exited with return code 1
[2025-04-15T13:26:00.022+0000] {taskinstance.py:3280} INFO - 0 downstream tasks scheduled from follow-on schedule check
