[2025-04-14T23:24:57.118+0000] {processor.py:161} INFO - Started process (PID=55868) to work on /opt/airflow/dags/enrich_staging_rows_dag.py
[2025-04-14T23:24:57.119+0000] {processor.py:830} INFO - Processing file /opt/airflow/dags/enrich_staging_rows_dag.py for tasks to queue
[2025-04-14T23:24:57.123+0000] {logging_mixin.py:188} INFO - [2025-04-14T23:24:57.123+0000] {dagbag.py:538} INFO - Filling up the DagBag from /opt/airflow/dags/enrich_staging_rows_dag.py
[2025-04-14T23:24:58.191+0000] {processor.py:840} INFO - DAG(s) 'enrich_staging_rows' retrieved from /opt/airflow/dags/enrich_staging_rows_dag.py
[2025-04-14T23:24:58.257+0000] {logging_mixin.py:188} INFO - [2025-04-14T23:24:58.257+0000] {override.py:1769} INFO - Created Permission View: can edit on DAG:enrich_staging_rows
[2025-04-14T23:24:58.263+0000] {logging_mixin.py:188} INFO - [2025-04-14T23:24:58.263+0000] {override.py:1769} INFO - Created Permission View: can delete on DAG:enrich_staging_rows
[2025-04-14T23:24:58.266+0000] {logging_mixin.py:188} INFO - [2025-04-14T23:24:58.266+0000] {override.py:1769} INFO - Created Permission View: can read on DAG:enrich_staging_rows
[2025-04-14T23:24:58.267+0000] {logging_mixin.py:188} INFO - [2025-04-14T23:24:58.266+0000] {dag.py:3036} INFO - Sync 1 DAGs
[2025-04-14T23:24:58.284+0000] {logging_mixin.py:188} INFO - [2025-04-14T23:24:58.283+0000] {dag.py:3058} INFO - Creating ORM DAG for enrich_staging_rows
[2025-04-14T23:24:58.291+0000] {logging_mixin.py:188} INFO - [2025-04-14T23:24:58.291+0000] {dag.py:3823} INFO - Setting next_dagrun for enrich_staging_rows to 2025-04-13 00:00:00+00:00, run_after=2025-04-14 00:00:00+00:00
[2025-04-14T23:24:58.299+0000] {processor.py:183} INFO - Processing /opt/airflow/dags/enrich_staging_rows_dag.py took 1.186 seconds
[2025-04-14T23:25:28.526+0000] {processor.py:161} INFO - Started process (PID=55946) to work on /opt/airflow/dags/enrich_staging_rows_dag.py
[2025-04-14T23:25:28.527+0000] {processor.py:830} INFO - Processing file /opt/airflow/dags/enrich_staging_rows_dag.py for tasks to queue
[2025-04-14T23:25:28.535+0000] {logging_mixin.py:188} INFO - [2025-04-14T23:25:28.533+0000] {dagbag.py:538} INFO - Filling up the DagBag from /opt/airflow/dags/enrich_staging_rows_dag.py
[2025-04-14T23:25:29.575+0000] {processor.py:840} INFO - DAG(s) 'enrich_staging_rows' retrieved from /opt/airflow/dags/enrich_staging_rows_dag.py
[2025-04-14T23:25:29.593+0000] {logging_mixin.py:188} INFO - [2025-04-14T23:25:29.593+0000] {dag.py:3036} INFO - Sync 1 DAGs
[2025-04-14T23:25:29.605+0000] {logging_mixin.py:188} INFO - [2025-04-14T23:25:29.605+0000] {dag.py:3823} INFO - Setting next_dagrun for enrich_staging_rows to 2025-04-13 00:00:00+00:00, run_after=2025-04-14 00:00:00+00:00
[2025-04-14T23:25:29.613+0000] {processor.py:183} INFO - Processing /opt/airflow/dags/enrich_staging_rows_dag.py took 1.092 seconds
[2025-04-14T23:26:00.282+0000] {processor.py:161} INFO - Started process (PID=56024) to work on /opt/airflow/dags/enrich_staging_rows_dag.py
[2025-04-14T23:26:00.285+0000] {processor.py:830} INFO - Processing file /opt/airflow/dags/enrich_staging_rows_dag.py for tasks to queue
[2025-04-14T23:26:00.288+0000] {logging_mixin.py:188} INFO - [2025-04-14T23:26:00.287+0000] {dagbag.py:538} INFO - Filling up the DagBag from /opt/airflow/dags/enrich_staging_rows_dag.py
[2025-04-14T23:26:01.403+0000] {processor.py:840} INFO - DAG(s) 'enrich_staging_rows' retrieved from /opt/airflow/dags/enrich_staging_rows_dag.py
[2025-04-14T23:26:01.421+0000] {logging_mixin.py:188} INFO - [2025-04-14T23:26:01.421+0000] {dag.py:3036} INFO - Sync 1 DAGs
[2025-04-14T23:26:01.433+0000] {logging_mixin.py:188} INFO - [2025-04-14T23:26:01.433+0000] {dag.py:3823} INFO - Setting next_dagrun for enrich_staging_rows to 2025-04-13 00:00:00+00:00, run_after=2025-04-14 00:00:00+00:00
[2025-04-14T23:26:01.441+0000] {processor.py:183} INFO - Processing /opt/airflow/dags/enrich_staging_rows_dag.py took 1.165 seconds
[2025-04-14T23:26:31.730+0000] {processor.py:161} INFO - Started process (PID=56087) to work on /opt/airflow/dags/enrich_staging_rows_dag.py
[2025-04-14T23:26:31.735+0000] {processor.py:830} INFO - Processing file /opt/airflow/dags/enrich_staging_rows_dag.py for tasks to queue
[2025-04-14T23:26:31.738+0000] {logging_mixin.py:188} INFO - [2025-04-14T23:26:31.738+0000] {dagbag.py:538} INFO - Filling up the DagBag from /opt/airflow/dags/enrich_staging_rows_dag.py
[2025-04-14T23:26:33.084+0000] {processor.py:840} INFO - DAG(s) 'enrich_staging_rows' retrieved from /opt/airflow/dags/enrich_staging_rows_dag.py
[2025-04-14T23:26:33.101+0000] {logging_mixin.py:188} INFO - [2025-04-14T23:26:33.100+0000] {dag.py:3036} INFO - Sync 1 DAGs
[2025-04-14T23:26:33.123+0000] {logging_mixin.py:188} INFO - [2025-04-14T23:26:33.123+0000] {dag.py:3823} INFO - Setting next_dagrun for enrich_staging_rows to 2025-04-14 00:00:00+00:00, run_after=2025-04-15 00:00:00+00:00
[2025-04-14T23:26:33.133+0000] {processor.py:183} INFO - Processing /opt/airflow/dags/enrich_staging_rows_dag.py took 1.407 seconds
[2025-04-14T23:27:03.210+0000] {processor.py:161} INFO - Started process (PID=56165) to work on /opt/airflow/dags/enrich_staging_rows_dag.py
[2025-04-14T23:27:03.212+0000] {processor.py:830} INFO - Processing file /opt/airflow/dags/enrich_staging_rows_dag.py for tasks to queue
[2025-04-14T23:27:03.217+0000] {logging_mixin.py:188} INFO - [2025-04-14T23:27:03.216+0000] {dagbag.py:538} INFO - Filling up the DagBag from /opt/airflow/dags/enrich_staging_rows_dag.py
[2025-04-14T23:27:04.509+0000] {processor.py:840} INFO - DAG(s) 'enrich_staging_rows' retrieved from /opt/airflow/dags/enrich_staging_rows_dag.py
[2025-04-14T23:27:04.522+0000] {logging_mixin.py:188} INFO - [2025-04-14T23:27:04.521+0000] {dag.py:3036} INFO - Sync 1 DAGs
[2025-04-14T23:27:04.536+0000] {logging_mixin.py:188} INFO - [2025-04-14T23:27:04.535+0000] {dag.py:3823} INFO - Setting next_dagrun for enrich_staging_rows to 2025-04-14 00:00:00+00:00, run_after=2025-04-15 00:00:00+00:00
[2025-04-14T23:27:04.545+0000] {processor.py:183} INFO - Processing /opt/airflow/dags/enrich_staging_rows_dag.py took 1.342 seconds
[2025-04-14T23:27:34.630+0000] {processor.py:161} INFO - Started process (PID=56248) to work on /opt/airflow/dags/enrich_staging_rows_dag.py
[2025-04-14T23:27:34.632+0000] {processor.py:830} INFO - Processing file /opt/airflow/dags/enrich_staging_rows_dag.py for tasks to queue
[2025-04-14T23:27:34.635+0000] {logging_mixin.py:188} INFO - [2025-04-14T23:27:34.634+0000] {dagbag.py:538} INFO - Filling up the DagBag from /opt/airflow/dags/enrich_staging_rows_dag.py
[2025-04-14T23:27:36.200+0000] {processor.py:840} INFO - DAG(s) 'enrich_staging_rows' retrieved from /opt/airflow/dags/enrich_staging_rows_dag.py
[2025-04-14T23:27:36.214+0000] {logging_mixin.py:188} INFO - [2025-04-14T23:27:36.213+0000] {dag.py:3036} INFO - Sync 1 DAGs
[2025-04-14T23:27:36.230+0000] {logging_mixin.py:188} INFO - [2025-04-14T23:27:36.230+0000] {dag.py:3823} INFO - Setting next_dagrun for enrich_staging_rows to 2025-04-14 00:00:00+00:00, run_after=2025-04-15 00:00:00+00:00
[2025-04-14T23:27:36.245+0000] {processor.py:183} INFO - Processing /opt/airflow/dags/enrich_staging_rows_dag.py took 1.618 seconds
[2025-04-14T23:28:06.452+0000] {processor.py:161} INFO - Started process (PID=56311) to work on /opt/airflow/dags/enrich_staging_rows_dag.py
[2025-04-14T23:28:06.454+0000] {processor.py:830} INFO - Processing file /opt/airflow/dags/enrich_staging_rows_dag.py for tasks to queue
[2025-04-14T23:28:06.457+0000] {logging_mixin.py:188} INFO - [2025-04-14T23:28:06.457+0000] {dagbag.py:538} INFO - Filling up the DagBag from /opt/airflow/dags/enrich_staging_rows_dag.py
[2025-04-14T23:28:07.764+0000] {processor.py:840} INFO - DAG(s) 'enrich_staging_rows' retrieved from /opt/airflow/dags/enrich_staging_rows_dag.py
[2025-04-14T23:28:07.794+0000] {logging_mixin.py:188} INFO - [2025-04-14T23:28:07.794+0000] {dag.py:3036} INFO - Sync 1 DAGs
[2025-04-14T23:28:07.807+0000] {logging_mixin.py:188} INFO - [2025-04-14T23:28:07.807+0000] {dag.py:3823} INFO - Setting next_dagrun for enrich_staging_rows to 2025-04-14 00:00:00+00:00, run_after=2025-04-15 00:00:00+00:00
[2025-04-14T23:28:07.818+0000] {processor.py:183} INFO - Processing /opt/airflow/dags/enrich_staging_rows_dag.py took 1.370 seconds
[2025-04-14T23:28:38.209+0000] {processor.py:161} INFO - Started process (PID=56389) to work on /opt/airflow/dags/enrich_staging_rows_dag.py
[2025-04-14T23:28:38.211+0000] {processor.py:830} INFO - Processing file /opt/airflow/dags/enrich_staging_rows_dag.py for tasks to queue
[2025-04-14T23:28:38.217+0000] {logging_mixin.py:188} INFO - [2025-04-14T23:28:38.216+0000] {dagbag.py:538} INFO - Filling up the DagBag from /opt/airflow/dags/enrich_staging_rows_dag.py
[2025-04-14T23:28:39.400+0000] {processor.py:840} INFO - DAG(s) 'enrich_staging_rows' retrieved from /opt/airflow/dags/enrich_staging_rows_dag.py
[2025-04-14T23:28:39.414+0000] {logging_mixin.py:188} INFO - [2025-04-14T23:28:39.413+0000] {dag.py:3036} INFO - Sync 1 DAGs
[2025-04-14T23:28:39.425+0000] {logging_mixin.py:188} INFO - [2025-04-14T23:28:39.425+0000] {dag.py:3823} INFO - Setting next_dagrun for enrich_staging_rows to 2025-04-14 00:00:00+00:00, run_after=2025-04-15 00:00:00+00:00
[2025-04-14T23:28:39.433+0000] {processor.py:183} INFO - Processing /opt/airflow/dags/enrich_staging_rows_dag.py took 1.232 seconds
[2025-04-14T23:29:10.251+0000] {processor.py:161} INFO - Started process (PID=56470) to work on /opt/airflow/dags/enrich_staging_rows_dag.py
[2025-04-14T23:29:10.252+0000] {processor.py:830} INFO - Processing file /opt/airflow/dags/enrich_staging_rows_dag.py for tasks to queue
[2025-04-14T23:29:10.254+0000] {logging_mixin.py:188} INFO - [2025-04-14T23:29:10.253+0000] {dagbag.py:538} INFO - Filling up the DagBag from /opt/airflow/dags/enrich_staging_rows_dag.py
[2025-04-14T23:29:11.498+0000] {processor.py:840} INFO - DAG(s) 'enrich_staging_rows' retrieved from /opt/airflow/dags/enrich_staging_rows_dag.py
[2025-04-14T23:29:11.518+0000] {logging_mixin.py:188} INFO - [2025-04-14T23:29:11.517+0000] {dag.py:3036} INFO - Sync 1 DAGs
[2025-04-14T23:29:11.530+0000] {logging_mixin.py:188} INFO - [2025-04-14T23:29:11.530+0000] {dag.py:3823} INFO - Setting next_dagrun for enrich_staging_rows to 2025-04-14 00:00:00+00:00, run_after=2025-04-15 00:00:00+00:00
[2025-04-14T23:29:11.539+0000] {processor.py:183} INFO - Processing /opt/airflow/dags/enrich_staging_rows_dag.py took 1.296 seconds
[2025-04-14T23:29:41.729+0000] {processor.py:161} INFO - Started process (PID=56548) to work on /opt/airflow/dags/enrich_staging_rows_dag.py
[2025-04-14T23:29:41.735+0000] {processor.py:830} INFO - Processing file /opt/airflow/dags/enrich_staging_rows_dag.py for tasks to queue
[2025-04-14T23:29:41.738+0000] {logging_mixin.py:188} INFO - [2025-04-14T23:29:41.738+0000] {dagbag.py:538} INFO - Filling up the DagBag from /opt/airflow/dags/enrich_staging_rows_dag.py
[2025-04-14T23:29:43.054+0000] {processor.py:840} INFO - DAG(s) 'enrich_staging_rows' retrieved from /opt/airflow/dags/enrich_staging_rows_dag.py
[2025-04-14T23:29:43.080+0000] {logging_mixin.py:188} INFO - [2025-04-14T23:29:43.080+0000] {dag.py:3036} INFO - Sync 1 DAGs
[2025-04-14T23:29:43.096+0000] {logging_mixin.py:188} INFO - [2025-04-14T23:29:43.096+0000] {dag.py:3823} INFO - Setting next_dagrun for enrich_staging_rows to 2025-04-14 00:00:00+00:00, run_after=2025-04-15 00:00:00+00:00
[2025-04-14T23:29:43.105+0000] {processor.py:183} INFO - Processing /opt/airflow/dags/enrich_staging_rows_dag.py took 1.396 seconds
[2025-04-14T23:30:13.808+0000] {processor.py:161} INFO - Started process (PID=56611) to work on /opt/airflow/dags/enrich_staging_rows_dag.py
[2025-04-14T23:30:13.811+0000] {processor.py:830} INFO - Processing file /opt/airflow/dags/enrich_staging_rows_dag.py for tasks to queue
[2025-04-14T23:30:13.825+0000] {logging_mixin.py:188} INFO - [2025-04-14T23:30:13.821+0000] {dagbag.py:538} INFO - Filling up the DagBag from /opt/airflow/dags/enrich_staging_rows_dag.py
[2025-04-14T23:30:15.411+0000] {processor.py:840} INFO - DAG(s) 'enrich_staging_rows' retrieved from /opt/airflow/dags/enrich_staging_rows_dag.py
[2025-04-14T23:30:15.445+0000] {logging_mixin.py:188} INFO - [2025-04-14T23:30:15.444+0000] {dag.py:3036} INFO - Sync 1 DAGs
[2025-04-14T23:30:15.469+0000] {logging_mixin.py:188} INFO - [2025-04-14T23:30:15.468+0000] {dag.py:3823} INFO - Setting next_dagrun for enrich_staging_rows to 2025-04-14 00:00:00+00:00, run_after=2025-04-15 00:00:00+00:00
[2025-04-14T23:30:15.483+0000] {processor.py:183} INFO - Processing /opt/airflow/dags/enrich_staging_rows_dag.py took 1.683 seconds
[2025-04-14T23:30:46.230+0000] {processor.py:161} INFO - Started process (PID=56691) to work on /opt/airflow/dags/enrich_staging_rows_dag.py
[2025-04-14T23:30:46.231+0000] {processor.py:830} INFO - Processing file /opt/airflow/dags/enrich_staging_rows_dag.py for tasks to queue
[2025-04-14T23:30:46.233+0000] {logging_mixin.py:188} INFO - [2025-04-14T23:30:46.233+0000] {dagbag.py:538} INFO - Filling up the DagBag from /opt/airflow/dags/enrich_staging_rows_dag.py
[2025-04-14T23:30:48.520+0000] {processor.py:840} INFO - DAG(s) 'enrich_staging_rows' retrieved from /opt/airflow/dags/enrich_staging_rows_dag.py
[2025-04-14T23:30:48.535+0000] {logging_mixin.py:188} INFO - [2025-04-14T23:30:48.535+0000] {dag.py:3036} INFO - Sync 1 DAGs
[2025-04-14T23:30:48.550+0000] {logging_mixin.py:188} INFO - [2025-04-14T23:30:48.550+0000] {dag.py:3823} INFO - Setting next_dagrun for enrich_staging_rows to 2025-04-14 00:00:00+00:00, run_after=2025-04-15 00:00:00+00:00
[2025-04-14T23:30:48.562+0000] {processor.py:183} INFO - Processing /opt/airflow/dags/enrich_staging_rows_dag.py took 2.339 seconds
[2025-04-14T23:31:19.007+0000] {processor.py:161} INFO - Started process (PID=56773) to work on /opt/airflow/dags/enrich_staging_rows_dag.py
[2025-04-14T23:31:19.020+0000] {processor.py:830} INFO - Processing file /opt/airflow/dags/enrich_staging_rows_dag.py for tasks to queue
[2025-04-14T23:31:19.025+0000] {logging_mixin.py:188} INFO - [2025-04-14T23:31:19.024+0000] {dagbag.py:538} INFO - Filling up the DagBag from /opt/airflow/dags/enrich_staging_rows_dag.py
[2025-04-14T23:31:20.374+0000] {processor.py:840} INFO - DAG(s) 'enrich_staging_rows' retrieved from /opt/airflow/dags/enrich_staging_rows_dag.py
[2025-04-14T23:31:20.462+0000] {logging_mixin.py:188} INFO - [2025-04-14T23:31:20.462+0000] {dag.py:3036} INFO - Sync 1 DAGs
[2025-04-14T23:31:20.482+0000] {logging_mixin.py:188} INFO - [2025-04-14T23:31:20.482+0000] {dag.py:3823} INFO - Setting next_dagrun for enrich_staging_rows to 2025-04-14 00:00:00+00:00, run_after=2025-04-15 00:00:00+00:00
[2025-04-14T23:31:20.503+0000] {processor.py:183} INFO - Processing /opt/airflow/dags/enrich_staging_rows_dag.py took 1.507 seconds
[2025-04-14T23:31:51.498+0000] {processor.py:161} INFO - Started process (PID=56863) to work on /opt/airflow/dags/enrich_staging_rows_dag.py
[2025-04-14T23:31:51.499+0000] {processor.py:830} INFO - Processing file /opt/airflow/dags/enrich_staging_rows_dag.py for tasks to queue
[2025-04-14T23:31:51.500+0000] {logging_mixin.py:188} INFO - [2025-04-14T23:31:51.500+0000] {dagbag.py:538} INFO - Filling up the DagBag from /opt/airflow/dags/enrich_staging_rows_dag.py
[2025-04-14T23:31:52.813+0000] {processor.py:840} INFO - DAG(s) 'enrich_staging_rows' retrieved from /opt/airflow/dags/enrich_staging_rows_dag.py
[2025-04-14T23:31:52.832+0000] {logging_mixin.py:188} INFO - [2025-04-14T23:31:52.832+0000] {dag.py:3036} INFO - Sync 1 DAGs
[2025-04-14T23:31:52.856+0000] {logging_mixin.py:188} INFO - [2025-04-14T23:31:52.855+0000] {dag.py:3823} INFO - Setting next_dagrun for enrich_staging_rows to 2025-04-14 00:00:00+00:00, run_after=2025-04-15 00:00:00+00:00
[2025-04-14T23:31:52.868+0000] {processor.py:183} INFO - Processing /opt/airflow/dags/enrich_staging_rows_dag.py took 1.374 seconds
[2025-04-14T23:32:22.937+0000] {processor.py:161} INFO - Started process (PID=56926) to work on /opt/airflow/dags/enrich_staging_rows_dag.py
[2025-04-14T23:32:22.940+0000] {processor.py:830} INFO - Processing file /opt/airflow/dags/enrich_staging_rows_dag.py for tasks to queue
[2025-04-14T23:32:22.942+0000] {logging_mixin.py:188} INFO - [2025-04-14T23:32:22.942+0000] {dagbag.py:538} INFO - Filling up the DagBag from /opt/airflow/dags/enrich_staging_rows_dag.py
[2025-04-14T23:32:24.070+0000] {processor.py:840} INFO - DAG(s) 'enrich_staging_rows' retrieved from /opt/airflow/dags/enrich_staging_rows_dag.py
[2025-04-14T23:32:24.081+0000] {logging_mixin.py:188} INFO - [2025-04-14T23:32:24.081+0000] {dag.py:3036} INFO - Sync 1 DAGs
[2025-04-14T23:32:24.093+0000] {logging_mixin.py:188} INFO - [2025-04-14T23:32:24.093+0000] {dag.py:3823} INFO - Setting next_dagrun for enrich_staging_rows to 2025-04-14 00:00:00+00:00, run_after=2025-04-15 00:00:00+00:00
[2025-04-14T23:32:24.102+0000] {processor.py:183} INFO - Processing /opt/airflow/dags/enrich_staging_rows_dag.py took 1.169 seconds
[2025-04-14T23:32:54.250+0000] {processor.py:161} INFO - Started process (PID=57004) to work on /opt/airflow/dags/enrich_staging_rows_dag.py
[2025-04-14T23:32:54.269+0000] {processor.py:830} INFO - Processing file /opt/airflow/dags/enrich_staging_rows_dag.py for tasks to queue
[2025-04-14T23:32:54.285+0000] {logging_mixin.py:188} INFO - [2025-04-14T23:32:54.284+0000] {dagbag.py:538} INFO - Filling up the DagBag from /opt/airflow/dags/enrich_staging_rows_dag.py
[2025-04-14T23:32:55.721+0000] {processor.py:840} INFO - DAG(s) 'enrich_staging_rows' retrieved from /opt/airflow/dags/enrich_staging_rows_dag.py
[2025-04-14T23:32:55.743+0000] {logging_mixin.py:188} INFO - [2025-04-14T23:32:55.743+0000] {dag.py:3036} INFO - Sync 1 DAGs
[2025-04-14T23:32:55.784+0000] {logging_mixin.py:188} INFO - [2025-04-14T23:32:55.783+0000] {dag.py:3823} INFO - Setting next_dagrun for enrich_staging_rows to 2025-04-14 00:00:00+00:00, run_after=2025-04-15 00:00:00+00:00
[2025-04-14T23:32:55.803+0000] {processor.py:183} INFO - Processing /opt/airflow/dags/enrich_staging_rows_dag.py took 1.566 seconds
[2025-04-14T23:33:25.965+0000] {processor.py:161} INFO - Started process (PID=57083) to work on /opt/airflow/dags/enrich_staging_rows_dag.py
[2025-04-14T23:33:25.967+0000] {processor.py:830} INFO - Processing file /opt/airflow/dags/enrich_staging_rows_dag.py for tasks to queue
[2025-04-14T23:33:25.969+0000] {logging_mixin.py:188} INFO - [2025-04-14T23:33:25.968+0000] {dagbag.py:538} INFO - Filling up the DagBag from /opt/airflow/dags/enrich_staging_rows_dag.py
[2025-04-14T23:33:27.014+0000] {processor.py:840} INFO - DAG(s) 'enrich_staging_rows' retrieved from /opt/airflow/dags/enrich_staging_rows_dag.py
[2025-04-14T23:33:27.025+0000] {logging_mixin.py:188} INFO - [2025-04-14T23:33:27.024+0000] {dag.py:3036} INFO - Sync 1 DAGs
[2025-04-14T23:33:27.035+0000] {logging_mixin.py:188} INFO - [2025-04-14T23:33:27.035+0000] {dag.py:3823} INFO - Setting next_dagrun for enrich_staging_rows to 2025-04-14 00:00:00+00:00, run_after=2025-04-15 00:00:00+00:00
[2025-04-14T23:33:27.046+0000] {processor.py:183} INFO - Processing /opt/airflow/dags/enrich_staging_rows_dag.py took 1.084 seconds
[2025-04-14T23:33:57.517+0000] {processor.py:161} INFO - Started process (PID=57161) to work on /opt/airflow/dags/enrich_staging_rows_dag.py
[2025-04-14T23:33:57.518+0000] {processor.py:830} INFO - Processing file /opt/airflow/dags/enrich_staging_rows_dag.py for tasks to queue
[2025-04-14T23:33:57.521+0000] {logging_mixin.py:188} INFO - [2025-04-14T23:33:57.521+0000] {dagbag.py:538} INFO - Filling up the DagBag from /opt/airflow/dags/enrich_staging_rows_dag.py
[2025-04-14T23:33:58.654+0000] {processor.py:840} INFO - DAG(s) 'enrich_staging_rows' retrieved from /opt/airflow/dags/enrich_staging_rows_dag.py
[2025-04-14T23:33:58.679+0000] {logging_mixin.py:188} INFO - [2025-04-14T23:33:58.679+0000] {dag.py:3036} INFO - Sync 1 DAGs
[2025-04-14T23:33:58.690+0000] {logging_mixin.py:188} INFO - [2025-04-14T23:33:58.690+0000] {dag.py:3823} INFO - Setting next_dagrun for enrich_staging_rows to 2025-04-14 00:00:00+00:00, run_after=2025-04-15 00:00:00+00:00
[2025-04-14T23:33:58.700+0000] {processor.py:183} INFO - Processing /opt/airflow/dags/enrich_staging_rows_dag.py took 1.189 seconds
[2025-04-14T23:34:28.737+0000] {processor.py:161} INFO - Started process (PID=57224) to work on /opt/airflow/dags/enrich_staging_rows_dag.py
[2025-04-14T23:34:28.739+0000] {processor.py:830} INFO - Processing file /opt/airflow/dags/enrich_staging_rows_dag.py for tasks to queue
[2025-04-14T23:34:28.740+0000] {logging_mixin.py:188} INFO - [2025-04-14T23:34:28.740+0000] {dagbag.py:538} INFO - Filling up the DagBag from /opt/airflow/dags/enrich_staging_rows_dag.py
[2025-04-14T23:34:29.851+0000] {processor.py:840} INFO - DAG(s) 'enrich_staging_rows' retrieved from /opt/airflow/dags/enrich_staging_rows_dag.py
[2025-04-14T23:34:29.865+0000] {logging_mixin.py:188} INFO - [2025-04-14T23:34:29.865+0000] {dag.py:3036} INFO - Sync 1 DAGs
[2025-04-14T23:34:29.876+0000] {logging_mixin.py:188} INFO - [2025-04-14T23:34:29.876+0000] {dag.py:3823} INFO - Setting next_dagrun for enrich_staging_rows to 2025-04-14 00:00:00+00:00, run_after=2025-04-15 00:00:00+00:00
[2025-04-14T23:34:29.887+0000] {processor.py:183} INFO - Processing /opt/airflow/dags/enrich_staging_rows_dag.py took 1.155 seconds
[2025-04-14T23:35:00.038+0000] {processor.py:161} INFO - Started process (PID=57302) to work on /opt/airflow/dags/enrich_staging_rows_dag.py
[2025-04-14T23:35:00.041+0000] {processor.py:830} INFO - Processing file /opt/airflow/dags/enrich_staging_rows_dag.py for tasks to queue
[2025-04-14T23:35:00.046+0000] {logging_mixin.py:188} INFO - [2025-04-14T23:35:00.045+0000] {dagbag.py:538} INFO - Filling up the DagBag from /opt/airflow/dags/enrich_staging_rows_dag.py
[2025-04-14T23:35:01.235+0000] {processor.py:840} INFO - DAG(s) 'enrich_staging_rows' retrieved from /opt/airflow/dags/enrich_staging_rows_dag.py
[2025-04-14T23:35:01.246+0000] {logging_mixin.py:188} INFO - [2025-04-14T23:35:01.246+0000] {dag.py:3036} INFO - Sync 1 DAGs
[2025-04-14T23:35:01.257+0000] {logging_mixin.py:188} INFO - [2025-04-14T23:35:01.257+0000] {dag.py:3823} INFO - Setting next_dagrun for enrich_staging_rows to 2025-04-14 00:00:00+00:00, run_after=2025-04-15 00:00:00+00:00
[2025-04-14T23:35:01.283+0000] {processor.py:183} INFO - Processing /opt/airflow/dags/enrich_staging_rows_dag.py took 1.254 seconds
[2025-04-14T23:35:31.392+0000] {processor.py:161} INFO - Started process (PID=57382) to work on /opt/airflow/dags/enrich_staging_rows_dag.py
[2025-04-14T23:35:31.395+0000] {processor.py:830} INFO - Processing file /opt/airflow/dags/enrich_staging_rows_dag.py for tasks to queue
[2025-04-14T23:35:31.397+0000] {logging_mixin.py:188} INFO - [2025-04-14T23:35:31.396+0000] {dagbag.py:538} INFO - Filling up the DagBag from /opt/airflow/dags/enrich_staging_rows_dag.py
[2025-04-14T23:35:32.759+0000] {processor.py:840} INFO - DAG(s) 'enrich_staging_rows' retrieved from /opt/airflow/dags/enrich_staging_rows_dag.py
[2025-04-14T23:35:32.780+0000] {logging_mixin.py:188} INFO - [2025-04-14T23:35:32.779+0000] {dag.py:3036} INFO - Sync 1 DAGs
[2025-04-14T23:35:32.808+0000] {logging_mixin.py:188} INFO - [2025-04-14T23:35:32.808+0000] {dag.py:3823} INFO - Setting next_dagrun for enrich_staging_rows to 2025-04-14 00:00:00+00:00, run_after=2025-04-15 00:00:00+00:00
[2025-04-14T23:35:32.819+0000] {processor.py:183} INFO - Processing /opt/airflow/dags/enrich_staging_rows_dag.py took 1.435 seconds
[2025-04-14T23:36:02.945+0000] {processor.py:161} INFO - Started process (PID=57459) to work on /opt/airflow/dags/enrich_staging_rows_dag.py
[2025-04-14T23:36:02.947+0000] {processor.py:830} INFO - Processing file /opt/airflow/dags/enrich_staging_rows_dag.py for tasks to queue
[2025-04-14T23:36:02.951+0000] {logging_mixin.py:188} INFO - [2025-04-14T23:36:02.950+0000] {dagbag.py:538} INFO - Filling up the DagBag from /opt/airflow/dags/enrich_staging_rows_dag.py
[2025-04-14T23:36:04.102+0000] {processor.py:840} INFO - DAG(s) 'enrich_staging_rows' retrieved from /opt/airflow/dags/enrich_staging_rows_dag.py
[2025-04-14T23:36:04.134+0000] {logging_mixin.py:188} INFO - [2025-04-14T23:36:04.134+0000] {dag.py:3036} INFO - Sync 1 DAGs
[2025-04-14T23:36:04.167+0000] {logging_mixin.py:188} INFO - [2025-04-14T23:36:04.167+0000] {dag.py:3823} INFO - Setting next_dagrun for enrich_staging_rows to 2025-04-14 00:00:00+00:00, run_after=2025-04-15 00:00:00+00:00
[2025-04-14T23:36:04.179+0000] {processor.py:183} INFO - Processing /opt/airflow/dags/enrich_staging_rows_dag.py took 1.241 seconds
[2025-04-14T23:36:34.387+0000] {processor.py:161} INFO - Started process (PID=57522) to work on /opt/airflow/dags/enrich_staging_rows_dag.py
[2025-04-14T23:36:34.390+0000] {processor.py:830} INFO - Processing file /opt/airflow/dags/enrich_staging_rows_dag.py for tasks to queue
[2025-04-14T23:36:34.394+0000] {logging_mixin.py:188} INFO - [2025-04-14T23:36:34.393+0000] {dagbag.py:538} INFO - Filling up the DagBag from /opt/airflow/dags/enrich_staging_rows_dag.py
[2025-04-14T23:36:35.564+0000] {processor.py:840} INFO - DAG(s) 'enrich_staging_rows' retrieved from /opt/airflow/dags/enrich_staging_rows_dag.py
[2025-04-14T23:36:35.573+0000] {logging_mixin.py:188} INFO - [2025-04-14T23:36:35.573+0000] {dag.py:3036} INFO - Sync 1 DAGs
[2025-04-14T23:36:35.582+0000] {logging_mixin.py:188} INFO - [2025-04-14T23:36:35.582+0000] {dag.py:3823} INFO - Setting next_dagrun for enrich_staging_rows to 2025-04-14 00:00:00+00:00, run_after=2025-04-15 00:00:00+00:00
[2025-04-14T23:36:35.589+0000] {processor.py:183} INFO - Processing /opt/airflow/dags/enrich_staging_rows_dag.py took 1.209 seconds
[2025-04-14T23:37:05.657+0000] {processor.py:161} INFO - Started process (PID=57609) to work on /opt/airflow/dags/enrich_staging_rows_dag.py
[2025-04-14T23:37:05.658+0000] {processor.py:830} INFO - Processing file /opt/airflow/dags/enrich_staging_rows_dag.py for tasks to queue
[2025-04-14T23:37:05.660+0000] {logging_mixin.py:188} INFO - [2025-04-14T23:37:05.660+0000] {dagbag.py:538} INFO - Filling up the DagBag from /opt/airflow/dags/enrich_staging_rows_dag.py
[2025-04-14T23:37:06.634+0000] {processor.py:840} INFO - DAG(s) 'enrich_staging_rows' retrieved from /opt/airflow/dags/enrich_staging_rows_dag.py
[2025-04-14T23:37:06.645+0000] {logging_mixin.py:188} INFO - [2025-04-14T23:37:06.645+0000] {dag.py:3036} INFO - Sync 1 DAGs
[2025-04-14T23:37:06.655+0000] {logging_mixin.py:188} INFO - [2025-04-14T23:37:06.654+0000] {dag.py:3823} INFO - Setting next_dagrun for enrich_staging_rows to 2025-04-14 00:00:00+00:00, run_after=2025-04-15 00:00:00+00:00
[2025-04-14T23:37:06.662+0000] {processor.py:183} INFO - Processing /opt/airflow/dags/enrich_staging_rows_dag.py took 1.007 seconds
[2025-04-14T23:37:37.136+0000] {processor.py:161} INFO - Started process (PID=57688) to work on /opt/airflow/dags/enrich_staging_rows_dag.py
[2025-04-14T23:37:37.139+0000] {processor.py:830} INFO - Processing file /opt/airflow/dags/enrich_staging_rows_dag.py for tasks to queue
[2025-04-14T23:37:37.145+0000] {logging_mixin.py:188} INFO - [2025-04-14T23:37:37.144+0000] {dagbag.py:538} INFO - Filling up the DagBag from /opt/airflow/dags/enrich_staging_rows_dag.py
[2025-04-14T23:37:38.965+0000] {processor.py:840} INFO - DAG(s) 'enrich_staging_rows' retrieved from /opt/airflow/dags/enrich_staging_rows_dag.py
[2025-04-14T23:37:39.003+0000] {logging_mixin.py:188} INFO - [2025-04-14T23:37:39.003+0000] {dag.py:3036} INFO - Sync 1 DAGs
[2025-04-14T23:37:39.039+0000] {logging_mixin.py:188} INFO - [2025-04-14T23:37:39.039+0000] {dag.py:3823} INFO - Setting next_dagrun for enrich_staging_rows to 2025-04-14 00:00:00+00:00, run_after=2025-04-15 00:00:00+00:00
[2025-04-14T23:37:39.068+0000] {processor.py:183} INFO - Processing /opt/airflow/dags/enrich_staging_rows_dag.py took 1.939 seconds
[2025-04-14T23:38:09.196+0000] {processor.py:161} INFO - Started process (PID=57771) to work on /opt/airflow/dags/enrich_staging_rows_dag.py
[2025-04-14T23:38:09.197+0000] {processor.py:830} INFO - Processing file /opt/airflow/dags/enrich_staging_rows_dag.py for tasks to queue
[2025-04-14T23:38:09.198+0000] {logging_mixin.py:188} INFO - [2025-04-14T23:38:09.198+0000] {dagbag.py:538} INFO - Filling up the DagBag from /opt/airflow/dags/enrich_staging_rows_dag.py
[2025-04-14T23:38:10.028+0000] {processor.py:840} INFO - DAG(s) 'enrich_staging_rows' retrieved from /opt/airflow/dags/enrich_staging_rows_dag.py
[2025-04-14T23:38:10.038+0000] {logging_mixin.py:188} INFO - [2025-04-14T23:38:10.038+0000] {dag.py:3036} INFO - Sync 1 DAGs
[2025-04-14T23:38:10.048+0000] {logging_mixin.py:188} INFO - [2025-04-14T23:38:10.048+0000] {dag.py:3823} INFO - Setting next_dagrun for enrich_staging_rows to 2025-04-14 00:00:00+00:00, run_after=2025-04-15 00:00:00+00:00
[2025-04-14T23:38:10.055+0000] {processor.py:183} INFO - Processing /opt/airflow/dags/enrich_staging_rows_dag.py took 0.861 seconds
[2025-04-14T23:38:40.838+0000] {processor.py:161} INFO - Started process (PID=57834) to work on /opt/airflow/dags/enrich_staging_rows_dag.py
[2025-04-14T23:38:40.839+0000] {processor.py:830} INFO - Processing file /opt/airflow/dags/enrich_staging_rows_dag.py for tasks to queue
[2025-04-14T23:38:40.841+0000] {logging_mixin.py:188} INFO - [2025-04-14T23:38:40.841+0000] {dagbag.py:538} INFO - Filling up the DagBag from /opt/airflow/dags/enrich_staging_rows_dag.py
[2025-04-14T23:38:41.775+0000] {processor.py:840} INFO - DAG(s) 'enrich_staging_rows' retrieved from /opt/airflow/dags/enrich_staging_rows_dag.py
[2025-04-14T23:38:41.787+0000] {logging_mixin.py:188} INFO - [2025-04-14T23:38:41.786+0000] {dag.py:3036} INFO - Sync 1 DAGs
[2025-04-14T23:38:41.802+0000] {logging_mixin.py:188} INFO - [2025-04-14T23:38:41.801+0000] {dag.py:3823} INFO - Setting next_dagrun for enrich_staging_rows to 2025-04-14 00:00:00+00:00, run_after=2025-04-15 00:00:00+00:00
[2025-04-14T23:38:41.822+0000] {processor.py:183} INFO - Processing /opt/airflow/dags/enrich_staging_rows_dag.py took 0.989 seconds
[2025-04-14T23:39:12.167+0000] {processor.py:161} INFO - Started process (PID=57914) to work on /opt/airflow/dags/enrich_staging_rows_dag.py
[2025-04-14T23:39:12.173+0000] {processor.py:830} INFO - Processing file /opt/airflow/dags/enrich_staging_rows_dag.py for tasks to queue
[2025-04-14T23:39:12.176+0000] {logging_mixin.py:188} INFO - [2025-04-14T23:39:12.175+0000] {dagbag.py:538} INFO - Filling up the DagBag from /opt/airflow/dags/enrich_staging_rows_dag.py
[2025-04-14T23:39:13.422+0000] {processor.py:840} INFO - DAG(s) 'enrich_staging_rows' retrieved from /opt/airflow/dags/enrich_staging_rows_dag.py
[2025-04-14T23:39:13.436+0000] {logging_mixin.py:188} INFO - [2025-04-14T23:39:13.436+0000] {dag.py:3036} INFO - Sync 1 DAGs
[2025-04-14T23:39:13.454+0000] {logging_mixin.py:188} INFO - [2025-04-14T23:39:13.454+0000] {dag.py:3823} INFO - Setting next_dagrun for enrich_staging_rows to 2025-04-14 00:00:00+00:00, run_after=2025-04-15 00:00:00+00:00
[2025-04-14T23:39:13.465+0000] {processor.py:183} INFO - Processing /opt/airflow/dags/enrich_staging_rows_dag.py took 1.301 seconds
[2025-04-14T23:39:44.090+0000] {processor.py:161} INFO - Started process (PID=57992) to work on /opt/airflow/dags/enrich_staging_rows_dag.py
[2025-04-14T23:39:44.092+0000] {processor.py:830} INFO - Processing file /opt/airflow/dags/enrich_staging_rows_dag.py for tasks to queue
[2025-04-14T23:39:44.094+0000] {logging_mixin.py:188} INFO - [2025-04-14T23:39:44.094+0000] {dagbag.py:538} INFO - Filling up the DagBag from /opt/airflow/dags/enrich_staging_rows_dag.py
[2025-04-14T23:39:45.429+0000] {processor.py:840} INFO - DAG(s) 'enrich_staging_rows' retrieved from /opt/airflow/dags/enrich_staging_rows_dag.py
[2025-04-14T23:39:45.445+0000] {logging_mixin.py:188} INFO - [2025-04-14T23:39:45.445+0000] {dag.py:3036} INFO - Sync 1 DAGs
[2025-04-14T23:39:45.456+0000] {logging_mixin.py:188} INFO - [2025-04-14T23:39:45.456+0000] {dag.py:3823} INFO - Setting next_dagrun for enrich_staging_rows to 2025-04-14 00:00:00+00:00, run_after=2025-04-15 00:00:00+00:00
[2025-04-14T23:39:45.484+0000] {processor.py:183} INFO - Processing /opt/airflow/dags/enrich_staging_rows_dag.py took 1.401 seconds
[2025-04-14T23:40:15.618+0000] {processor.py:161} INFO - Started process (PID=58077) to work on /opt/airflow/dags/enrich_staging_rows_dag.py
[2025-04-14T23:40:15.619+0000] {processor.py:830} INFO - Processing file /opt/airflow/dags/enrich_staging_rows_dag.py for tasks to queue
[2025-04-14T23:40:15.620+0000] {logging_mixin.py:188} INFO - [2025-04-14T23:40:15.620+0000] {dagbag.py:538} INFO - Filling up the DagBag from /opt/airflow/dags/enrich_staging_rows_dag.py
[2025-04-14T23:40:16.433+0000] {processor.py:840} INFO - DAG(s) 'enrich_staging_rows' retrieved from /opt/airflow/dags/enrich_staging_rows_dag.py
[2025-04-14T23:40:16.447+0000] {logging_mixin.py:188} INFO - [2025-04-14T23:40:16.447+0000] {dag.py:3036} INFO - Sync 1 DAGs
[2025-04-14T23:40:16.465+0000] {logging_mixin.py:188} INFO - [2025-04-14T23:40:16.465+0000] {dag.py:3823} INFO - Setting next_dagrun for enrich_staging_rows to 2025-04-14 00:00:00+00:00, run_after=2025-04-15 00:00:00+00:00
[2025-04-14T23:40:16.475+0000] {processor.py:183} INFO - Processing /opt/airflow/dags/enrich_staging_rows_dag.py took 0.859 seconds
[2025-04-14T23:40:46.717+0000] {processor.py:161} INFO - Started process (PID=58140) to work on /opt/airflow/dags/enrich_staging_rows_dag.py
[2025-04-14T23:40:46.718+0000] {processor.py:830} INFO - Processing file /opt/airflow/dags/enrich_staging_rows_dag.py for tasks to queue
[2025-04-14T23:40:46.719+0000] {logging_mixin.py:188} INFO - [2025-04-14T23:40:46.719+0000] {dagbag.py:538} INFO - Filling up the DagBag from /opt/airflow/dags/enrich_staging_rows_dag.py
[2025-04-14T23:40:47.534+0000] {processor.py:840} INFO - DAG(s) 'enrich_staging_rows' retrieved from /opt/airflow/dags/enrich_staging_rows_dag.py
[2025-04-14T23:40:47.545+0000] {logging_mixin.py:188} INFO - [2025-04-14T23:40:47.544+0000] {dag.py:3036} INFO - Sync 1 DAGs
[2025-04-14T23:40:47.557+0000] {logging_mixin.py:188} INFO - [2025-04-14T23:40:47.557+0000] {dag.py:3823} INFO - Setting next_dagrun for enrich_staging_rows to 2025-04-14 00:00:00+00:00, run_after=2025-04-15 00:00:00+00:00
[2025-04-14T23:40:47.566+0000] {processor.py:183} INFO - Processing /opt/airflow/dags/enrich_staging_rows_dag.py took 0.852 seconds
[2025-04-14T23:41:18.034+0000] {processor.py:161} INFO - Started process (PID=58218) to work on /opt/airflow/dags/enrich_staging_rows_dag.py
[2025-04-14T23:41:18.038+0000] {processor.py:830} INFO - Processing file /opt/airflow/dags/enrich_staging_rows_dag.py for tasks to queue
[2025-04-14T23:41:18.044+0000] {logging_mixin.py:188} INFO - [2025-04-14T23:41:18.043+0000] {dagbag.py:538} INFO - Filling up the DagBag from /opt/airflow/dags/enrich_staging_rows_dag.py
[2025-04-14T23:41:18.791+0000] {processor.py:840} INFO - DAG(s) 'enrich_staging_rows' retrieved from /opt/airflow/dags/enrich_staging_rows_dag.py
[2025-04-14T23:41:18.801+0000] {logging_mixin.py:188} INFO - [2025-04-14T23:41:18.801+0000] {dag.py:3036} INFO - Sync 1 DAGs
[2025-04-14T23:41:18.811+0000] {logging_mixin.py:188} INFO - [2025-04-14T23:41:18.811+0000] {dag.py:3823} INFO - Setting next_dagrun for enrich_staging_rows to 2025-04-14 00:00:00+00:00, run_after=2025-04-15 00:00:00+00:00
[2025-04-14T23:41:18.818+0000] {processor.py:183} INFO - Processing /opt/airflow/dags/enrich_staging_rows_dag.py took 0.794 seconds
[2025-04-14T23:41:49.378+0000] {processor.py:161} INFO - Started process (PID=58296) to work on /opt/airflow/dags/enrich_staging_rows_dag.py
[2025-04-14T23:41:49.380+0000] {processor.py:830} INFO - Processing file /opt/airflow/dags/enrich_staging_rows_dag.py for tasks to queue
[2025-04-14T23:41:49.381+0000] {logging_mixin.py:188} INFO - [2025-04-14T23:41:49.381+0000] {dagbag.py:538} INFO - Filling up the DagBag from /opt/airflow/dags/enrich_staging_rows_dag.py
[2025-04-14T23:41:50.228+0000] {processor.py:840} INFO - DAG(s) 'enrich_staging_rows' retrieved from /opt/airflow/dags/enrich_staging_rows_dag.py
[2025-04-14T23:41:50.251+0000] {logging_mixin.py:188} INFO - [2025-04-14T23:41:50.251+0000] {dag.py:3036} INFO - Sync 1 DAGs
[2025-04-14T23:41:50.261+0000] {logging_mixin.py:188} INFO - [2025-04-14T23:41:50.261+0000] {dag.py:3823} INFO - Setting next_dagrun for enrich_staging_rows to 2025-04-14 00:00:00+00:00, run_after=2025-04-15 00:00:00+00:00
[2025-04-14T23:41:50.269+0000] {processor.py:183} INFO - Processing /opt/airflow/dags/enrich_staging_rows_dag.py took 0.895 seconds
[2025-04-14T23:42:20.878+0000] {processor.py:161} INFO - Started process (PID=58373) to work on /opt/airflow/dags/enrich_staging_rows_dag.py
[2025-04-14T23:42:20.880+0000] {processor.py:830} INFO - Processing file /opt/airflow/dags/enrich_staging_rows_dag.py for tasks to queue
[2025-04-14T23:42:20.882+0000] {logging_mixin.py:188} INFO - [2025-04-14T23:42:20.881+0000] {dagbag.py:538} INFO - Filling up the DagBag from /opt/airflow/dags/enrich_staging_rows_dag.py
[2025-04-14T23:42:21.982+0000] {processor.py:840} INFO - DAG(s) 'enrich_staging_rows' retrieved from /opt/airflow/dags/enrich_staging_rows_dag.py
[2025-04-14T23:42:22.000+0000] {logging_mixin.py:188} INFO - [2025-04-14T23:42:22.000+0000] {dag.py:3036} INFO - Sync 1 DAGs
[2025-04-14T23:42:22.013+0000] {logging_mixin.py:188} INFO - [2025-04-14T23:42:22.013+0000] {dag.py:3823} INFO - Setting next_dagrun for enrich_staging_rows to 2025-04-14 00:00:00+00:00, run_after=2025-04-15 00:00:00+00:00
[2025-04-14T23:42:22.021+0000] {processor.py:183} INFO - Processing /opt/airflow/dags/enrich_staging_rows_dag.py took 1.150 seconds
[2025-04-14T23:42:52.157+0000] {processor.py:161} INFO - Started process (PID=58436) to work on /opt/airflow/dags/enrich_staging_rows_dag.py
[2025-04-14T23:42:52.158+0000] {processor.py:830} INFO - Processing file /opt/airflow/dags/enrich_staging_rows_dag.py for tasks to queue
[2025-04-14T23:42:52.160+0000] {logging_mixin.py:188} INFO - [2025-04-14T23:42:52.160+0000] {dagbag.py:538} INFO - Filling up the DagBag from /opt/airflow/dags/enrich_staging_rows_dag.py
[2025-04-14T23:42:52.956+0000] {processor.py:840} INFO - DAG(s) 'enrich_staging_rows' retrieved from /opt/airflow/dags/enrich_staging_rows_dag.py
[2025-04-14T23:42:52.971+0000] {logging_mixin.py:188} INFO - [2025-04-14T23:42:52.971+0000] {dag.py:3036} INFO - Sync 1 DAGs
[2025-04-14T23:42:52.981+0000] {logging_mixin.py:188} INFO - [2025-04-14T23:42:52.981+0000] {dag.py:3823} INFO - Setting next_dagrun for enrich_staging_rows to 2025-04-14 00:00:00+00:00, run_after=2025-04-15 00:00:00+00:00
[2025-04-14T23:42:52.989+0000] {processor.py:183} INFO - Processing /opt/airflow/dags/enrich_staging_rows_dag.py took 0.838 seconds
[2025-04-14T23:43:23.538+0000] {processor.py:161} INFO - Started process (PID=58515) to work on /opt/airflow/dags/enrich_staging_rows_dag.py
[2025-04-14T23:43:23.539+0000] {processor.py:830} INFO - Processing file /opt/airflow/dags/enrich_staging_rows_dag.py for tasks to queue
[2025-04-14T23:43:23.541+0000] {logging_mixin.py:188} INFO - [2025-04-14T23:43:23.540+0000] {dagbag.py:538} INFO - Filling up the DagBag from /opt/airflow/dags/enrich_staging_rows_dag.py
[2025-04-14T23:43:24.371+0000] {processor.py:840} INFO - DAG(s) 'enrich_staging_rows' retrieved from /opt/airflow/dags/enrich_staging_rows_dag.py
[2025-04-14T23:43:24.384+0000] {logging_mixin.py:188} INFO - [2025-04-14T23:43:24.383+0000] {dag.py:3036} INFO - Sync 1 DAGs
[2025-04-14T23:43:24.394+0000] {logging_mixin.py:188} INFO - [2025-04-14T23:43:24.394+0000] {dag.py:3823} INFO - Setting next_dagrun for enrich_staging_rows to 2025-04-14 00:00:00+00:00, run_after=2025-04-15 00:00:00+00:00
[2025-04-14T23:43:24.402+0000] {processor.py:183} INFO - Processing /opt/airflow/dags/enrich_staging_rows_dag.py took 0.867 seconds
[2025-04-14T23:43:54.569+0000] {processor.py:161} INFO - Started process (PID=58599) to work on /opt/airflow/dags/enrich_staging_rows_dag.py
[2025-04-14T23:43:54.571+0000] {processor.py:830} INFO - Processing file /opt/airflow/dags/enrich_staging_rows_dag.py for tasks to queue
[2025-04-14T23:43:54.573+0000] {logging_mixin.py:188} INFO - [2025-04-14T23:43:54.572+0000] {dagbag.py:538} INFO - Filling up the DagBag from /opt/airflow/dags/enrich_staging_rows_dag.py
[2025-04-14T23:43:55.542+0000] {processor.py:840} INFO - DAG(s) 'enrich_staging_rows' retrieved from /opt/airflow/dags/enrich_staging_rows_dag.py
[2025-04-14T23:43:55.556+0000] {logging_mixin.py:188} INFO - [2025-04-14T23:43:55.555+0000] {dag.py:3036} INFO - Sync 1 DAGs
[2025-04-14T23:43:55.569+0000] {logging_mixin.py:188} INFO - [2025-04-14T23:43:55.569+0000] {dag.py:3823} INFO - Setting next_dagrun for enrich_staging_rows to 2025-04-14 00:00:00+00:00, run_after=2025-04-15 00:00:00+00:00
[2025-04-14T23:43:55.584+0000] {processor.py:183} INFO - Processing /opt/airflow/dags/enrich_staging_rows_dag.py took 1.018 seconds
[2025-04-14T23:44:25.902+0000] {processor.py:161} INFO - Started process (PID=58677) to work on /opt/airflow/dags/enrich_staging_rows_dag.py
[2025-04-14T23:44:25.904+0000] {processor.py:830} INFO - Processing file /opt/airflow/dags/enrich_staging_rows_dag.py for tasks to queue
[2025-04-14T23:44:25.907+0000] {logging_mixin.py:188} INFO - [2025-04-14T23:44:25.907+0000] {dagbag.py:538} INFO - Filling up the DagBag from /opt/airflow/dags/enrich_staging_rows_dag.py
[2025-04-14T23:44:26.666+0000] {processor.py:840} INFO - DAG(s) 'enrich_staging_rows' retrieved from /opt/airflow/dags/enrich_staging_rows_dag.py
[2025-04-14T23:44:26.677+0000] {logging_mixin.py:188} INFO - [2025-04-14T23:44:26.676+0000] {dag.py:3036} INFO - Sync 1 DAGs
[2025-04-14T23:44:26.687+0000] {logging_mixin.py:188} INFO - [2025-04-14T23:44:26.687+0000] {dag.py:3823} INFO - Setting next_dagrun for enrich_staging_rows to 2025-04-14 00:00:00+00:00, run_after=2025-04-15 00:00:00+00:00
[2025-04-14T23:44:26.695+0000] {processor.py:183} INFO - Processing /opt/airflow/dags/enrich_staging_rows_dag.py took 0.801 seconds
[2025-04-14T23:44:56.973+0000] {processor.py:161} INFO - Started process (PID=58740) to work on /opt/airflow/dags/enrich_staging_rows_dag.py
[2025-04-14T23:44:56.975+0000] {processor.py:830} INFO - Processing file /opt/airflow/dags/enrich_staging_rows_dag.py for tasks to queue
[2025-04-14T23:44:56.978+0000] {logging_mixin.py:188} INFO - [2025-04-14T23:44:56.977+0000] {dagbag.py:538} INFO - Filling up the DagBag from /opt/airflow/dags/enrich_staging_rows_dag.py
[2025-04-14T23:44:57.720+0000] {processor.py:840} INFO - DAG(s) 'enrich_staging_rows' retrieved from /opt/airflow/dags/enrich_staging_rows_dag.py
[2025-04-14T23:44:57.742+0000] {logging_mixin.py:188} INFO - [2025-04-14T23:44:57.742+0000] {dag.py:3036} INFO - Sync 1 DAGs
[2025-04-14T23:44:57.754+0000] {logging_mixin.py:188} INFO - [2025-04-14T23:44:57.754+0000] {dag.py:3823} INFO - Setting next_dagrun for enrich_staging_rows to 2025-04-14 00:00:00+00:00, run_after=2025-04-15 00:00:00+00:00
[2025-04-14T23:44:57.764+0000] {processor.py:183} INFO - Processing /opt/airflow/dags/enrich_staging_rows_dag.py took 0.797 seconds
[2025-04-14T23:45:28.328+0000] {processor.py:161} INFO - Started process (PID=58819) to work on /opt/airflow/dags/enrich_staging_rows_dag.py
[2025-04-14T23:45:28.330+0000] {processor.py:830} INFO - Processing file /opt/airflow/dags/enrich_staging_rows_dag.py for tasks to queue
[2025-04-14T23:45:28.333+0000] {logging_mixin.py:188} INFO - [2025-04-14T23:45:28.332+0000] {dagbag.py:538} INFO - Filling up the DagBag from /opt/airflow/dags/enrich_staging_rows_dag.py
[2025-04-14T23:45:29.097+0000] {processor.py:840} INFO - DAG(s) 'enrich_staging_rows' retrieved from /opt/airflow/dags/enrich_staging_rows_dag.py
[2025-04-14T23:45:29.110+0000] {logging_mixin.py:188} INFO - [2025-04-14T23:45:29.110+0000] {dag.py:3036} INFO - Sync 1 DAGs
[2025-04-14T23:45:29.122+0000] {logging_mixin.py:188} INFO - [2025-04-14T23:45:29.122+0000] {dag.py:3823} INFO - Setting next_dagrun for enrich_staging_rows to 2025-04-14 00:00:00+00:00, run_after=2025-04-15 00:00:00+00:00
[2025-04-14T23:45:29.130+0000] {processor.py:183} INFO - Processing /opt/airflow/dags/enrich_staging_rows_dag.py took 0.806 seconds
[2025-04-14T23:45:59.366+0000] {processor.py:161} INFO - Started process (PID=58897) to work on /opt/airflow/dags/enrich_staging_rows_dag.py
[2025-04-14T23:45:59.368+0000] {processor.py:830} INFO - Processing file /opt/airflow/dags/enrich_staging_rows_dag.py for tasks to queue
[2025-04-14T23:45:59.369+0000] {logging_mixin.py:188} INFO - [2025-04-14T23:45:59.369+0000] {dagbag.py:538} INFO - Filling up the DagBag from /opt/airflow/dags/enrich_staging_rows_dag.py
[2025-04-14T23:46:00.622+0000] {processor.py:840} INFO - DAG(s) 'enrich_staging_rows' retrieved from /opt/airflow/dags/enrich_staging_rows_dag.py
[2025-04-14T23:46:00.634+0000] {logging_mixin.py:188} INFO - [2025-04-14T23:46:00.634+0000] {dag.py:3036} INFO - Sync 1 DAGs
[2025-04-14T23:46:00.645+0000] {logging_mixin.py:188} INFO - [2025-04-14T23:46:00.644+0000] {dag.py:3823} INFO - Setting next_dagrun for enrich_staging_rows to 2025-04-14 00:00:00+00:00, run_after=2025-04-15 00:00:00+00:00
[2025-04-14T23:46:00.652+0000] {processor.py:183} INFO - Processing /opt/airflow/dags/enrich_staging_rows_dag.py took 1.290 seconds
[2025-04-14T23:46:30.847+0000] {processor.py:161} INFO - Started process (PID=58977) to work on /opt/airflow/dags/enrich_staging_rows_dag.py
[2025-04-14T23:46:30.849+0000] {processor.py:830} INFO - Processing file /opt/airflow/dags/enrich_staging_rows_dag.py for tasks to queue
[2025-04-14T23:46:30.851+0000] {logging_mixin.py:188} INFO - [2025-04-14T23:46:30.851+0000] {dagbag.py:538} INFO - Filling up the DagBag from /opt/airflow/dags/enrich_staging_rows_dag.py
[2025-04-14T23:46:31.691+0000] {processor.py:840} INFO - DAG(s) 'enrich_staging_rows' retrieved from /opt/airflow/dags/enrich_staging_rows_dag.py
[2025-04-14T23:46:31.711+0000] {logging_mixin.py:188} INFO - [2025-04-14T23:46:31.710+0000] {dag.py:3036} INFO - Sync 1 DAGs
[2025-04-14T23:46:31.723+0000] {logging_mixin.py:188} INFO - [2025-04-14T23:46:31.723+0000] {dag.py:3823} INFO - Setting next_dagrun for enrich_staging_rows to 2025-04-14 00:00:00+00:00, run_after=2025-04-15 00:00:00+00:00
[2025-04-14T23:46:31.733+0000] {processor.py:183} INFO - Processing /opt/airflow/dags/enrich_staging_rows_dag.py took 0.891 seconds
[2025-04-14T23:47:02.118+0000] {processor.py:161} INFO - Started process (PID=59040) to work on /opt/airflow/dags/enrich_staging_rows_dag.py
[2025-04-14T23:47:02.127+0000] {processor.py:830} INFO - Processing file /opt/airflow/dags/enrich_staging_rows_dag.py for tasks to queue
[2025-04-14T23:47:02.131+0000] {logging_mixin.py:188} INFO - [2025-04-14T23:47:02.131+0000] {dagbag.py:538} INFO - Filling up the DagBag from /opt/airflow/dags/enrich_staging_rows_dag.py
[2025-04-14T23:47:03.485+0000] {processor.py:840} INFO - DAG(s) 'enrich_staging_rows' retrieved from /opt/airflow/dags/enrich_staging_rows_dag.py
[2025-04-14T23:47:03.502+0000] {logging_mixin.py:188} INFO - [2025-04-14T23:47:03.502+0000] {dag.py:3036} INFO - Sync 1 DAGs
[2025-04-14T23:47:03.514+0000] {logging_mixin.py:188} INFO - [2025-04-14T23:47:03.514+0000] {dag.py:3823} INFO - Setting next_dagrun for enrich_staging_rows to 2025-04-14 00:00:00+00:00, run_after=2025-04-15 00:00:00+00:00
[2025-04-14T23:47:03.523+0000] {processor.py:183} INFO - Processing /opt/airflow/dags/enrich_staging_rows_dag.py took 1.424 seconds
[2025-04-14T23:47:34.317+0000] {processor.py:161} INFO - Started process (PID=59122) to work on /opt/airflow/dags/enrich_staging_rows_dag.py
[2025-04-14T23:47:34.319+0000] {processor.py:830} INFO - Processing file /opt/airflow/dags/enrich_staging_rows_dag.py for tasks to queue
[2025-04-14T23:47:34.320+0000] {logging_mixin.py:188} INFO - [2025-04-14T23:47:34.320+0000] {dagbag.py:538} INFO - Filling up the DagBag from /opt/airflow/dags/enrich_staging_rows_dag.py
[2025-04-14T23:47:35.143+0000] {processor.py:840} INFO - DAG(s) 'enrich_staging_rows' retrieved from /opt/airflow/dags/enrich_staging_rows_dag.py
[2025-04-14T23:47:35.299+0000] {logging_mixin.py:188} INFO - [2025-04-14T23:47:35.299+0000] {dag.py:3036} INFO - Sync 1 DAGs
[2025-04-14T23:47:35.325+0000] {logging_mixin.py:188} INFO - [2025-04-14T23:47:35.325+0000] {dag.py:3823} INFO - Setting next_dagrun for enrich_staging_rows to 2025-04-14 00:00:00+00:00, run_after=2025-04-15 00:00:00+00:00
[2025-04-14T23:47:35.345+0000] {processor.py:183} INFO - Processing /opt/airflow/dags/enrich_staging_rows_dag.py took 1.030 seconds
[2025-04-14T23:48:05.475+0000] {processor.py:161} INFO - Started process (PID=59200) to work on /opt/airflow/dags/enrich_staging_rows_dag.py
[2025-04-14T23:48:05.476+0000] {processor.py:830} INFO - Processing file /opt/airflow/dags/enrich_staging_rows_dag.py for tasks to queue
[2025-04-14T23:48:05.477+0000] {logging_mixin.py:188} INFO - [2025-04-14T23:48:05.477+0000] {dagbag.py:538} INFO - Filling up the DagBag from /opt/airflow/dags/enrich_staging_rows_dag.py
[2025-04-14T23:48:06.436+0000] {processor.py:840} INFO - DAG(s) 'enrich_staging_rows' retrieved from /opt/airflow/dags/enrich_staging_rows_dag.py
[2025-04-14T23:48:06.447+0000] {logging_mixin.py:188} INFO - [2025-04-14T23:48:06.447+0000] {dag.py:3036} INFO - Sync 1 DAGs
[2025-04-14T23:48:06.459+0000] {logging_mixin.py:188} INFO - [2025-04-14T23:48:06.459+0000] {dag.py:3823} INFO - Setting next_dagrun for enrich_staging_rows to 2025-04-14 00:00:00+00:00, run_after=2025-04-15 00:00:00+00:00
[2025-04-14T23:48:06.467+0000] {processor.py:183} INFO - Processing /opt/airflow/dags/enrich_staging_rows_dag.py took 0.996 seconds
[2025-04-14T23:48:36.559+0000] {processor.py:161} INFO - Started process (PID=59278) to work on /opt/airflow/dags/enrich_staging_rows_dag.py
[2025-04-14T23:48:36.565+0000] {processor.py:830} INFO - Processing file /opt/airflow/dags/enrich_staging_rows_dag.py for tasks to queue
[2025-04-14T23:48:36.567+0000] {logging_mixin.py:188} INFO - [2025-04-14T23:48:36.567+0000] {dagbag.py:538} INFO - Filling up the DagBag from /opt/airflow/dags/enrich_staging_rows_dag.py
[2025-04-14T23:48:37.367+0000] {processor.py:840} INFO - DAG(s) 'enrich_staging_rows' retrieved from /opt/airflow/dags/enrich_staging_rows_dag.py
[2025-04-14T23:48:37.382+0000] {logging_mixin.py:188} INFO - [2025-04-14T23:48:37.381+0000] {dag.py:3036} INFO - Sync 1 DAGs
[2025-04-14T23:48:37.393+0000] {logging_mixin.py:188} INFO - [2025-04-14T23:48:37.393+0000] {dag.py:3823} INFO - Setting next_dagrun for enrich_staging_rows to 2025-04-14 00:00:00+00:00, run_after=2025-04-15 00:00:00+00:00
[2025-04-14T23:48:37.401+0000] {processor.py:183} INFO - Processing /opt/airflow/dags/enrich_staging_rows_dag.py took 0.845 seconds
[2025-04-14T23:49:07.930+0000] {processor.py:161} INFO - Started process (PID=59341) to work on /opt/airflow/dags/enrich_staging_rows_dag.py
[2025-04-14T23:49:07.933+0000] {processor.py:830} INFO - Processing file /opt/airflow/dags/enrich_staging_rows_dag.py for tasks to queue
[2025-04-14T23:49:07.937+0000] {logging_mixin.py:188} INFO - [2025-04-14T23:49:07.936+0000] {dagbag.py:538} INFO - Filling up the DagBag from /opt/airflow/dags/enrich_staging_rows_dag.py
[2025-04-14T23:49:08.924+0000] {processor.py:840} INFO - DAG(s) 'enrich_staging_rows' retrieved from /opt/airflow/dags/enrich_staging_rows_dag.py
[2025-04-14T23:49:08.932+0000] {logging_mixin.py:188} INFO - [2025-04-14T23:49:08.932+0000] {dag.py:3036} INFO - Sync 1 DAGs
[2025-04-14T23:49:08.942+0000] {logging_mixin.py:188} INFO - [2025-04-14T23:49:08.942+0000] {dag.py:3823} INFO - Setting next_dagrun for enrich_staging_rows to 2025-04-14 00:00:00+00:00, run_after=2025-04-15 00:00:00+00:00
[2025-04-14T23:49:08.949+0000] {processor.py:183} INFO - Processing /opt/airflow/dags/enrich_staging_rows_dag.py took 1.035 seconds
[2025-04-14T23:49:39.204+0000] {processor.py:161} INFO - Started process (PID=59423) to work on /opt/airflow/dags/enrich_staging_rows_dag.py
[2025-04-14T23:49:39.205+0000] {processor.py:830} INFO - Processing file /opt/airflow/dags/enrich_staging_rows_dag.py for tasks to queue
[2025-04-14T23:49:39.206+0000] {logging_mixin.py:188} INFO - [2025-04-14T23:49:39.206+0000] {dagbag.py:538} INFO - Filling up the DagBag from /opt/airflow/dags/enrich_staging_rows_dag.py
[2025-04-14T23:49:39.997+0000] {processor.py:840} INFO - DAG(s) 'enrich_staging_rows' retrieved from /opt/airflow/dags/enrich_staging_rows_dag.py
[2025-04-14T23:49:40.014+0000] {logging_mixin.py:188} INFO - [2025-04-14T23:49:40.013+0000] {dag.py:3036} INFO - Sync 1 DAGs
[2025-04-14T23:49:40.027+0000] {logging_mixin.py:188} INFO - [2025-04-14T23:49:40.027+0000] {dag.py:3823} INFO - Setting next_dagrun for enrich_staging_rows to 2025-04-14 00:00:00+00:00, run_after=2025-04-15 00:00:00+00:00
[2025-04-14T23:49:40.036+0000] {processor.py:183} INFO - Processing /opt/airflow/dags/enrich_staging_rows_dag.py took 0.835 seconds
[2025-04-14T23:50:10.075+0000] {processor.py:161} INFO - Started process (PID=59503) to work on /opt/airflow/dags/enrich_staging_rows_dag.py
[2025-04-14T23:50:10.076+0000] {processor.py:830} INFO - Processing file /opt/airflow/dags/enrich_staging_rows_dag.py for tasks to queue
[2025-04-14T23:50:10.076+0000] {logging_mixin.py:188} INFO - [2025-04-14T23:50:10.076+0000] {dagbag.py:538} INFO - Filling up the DagBag from /opt/airflow/dags/enrich_staging_rows_dag.py
[2025-04-14T23:50:10.895+0000] {processor.py:840} INFO - DAG(s) 'enrich_staging_rows' retrieved from /opt/airflow/dags/enrich_staging_rows_dag.py
[2025-04-14T23:50:10.905+0000] {logging_mixin.py:188} INFO - [2025-04-14T23:50:10.905+0000] {dag.py:3036} INFO - Sync 1 DAGs
[2025-04-14T23:50:10.916+0000] {logging_mixin.py:188} INFO - [2025-04-14T23:50:10.916+0000] {dag.py:3823} INFO - Setting next_dagrun for enrich_staging_rows to 2025-04-14 00:00:00+00:00, run_after=2025-04-15 00:00:00+00:00
[2025-04-14T23:50:10.923+0000] {processor.py:183} INFO - Processing /opt/airflow/dags/enrich_staging_rows_dag.py took 0.850 seconds
[2025-04-14T23:50:41.108+0000] {processor.py:161} INFO - Started process (PID=59566) to work on /opt/airflow/dags/enrich_staging_rows_dag.py
[2025-04-14T23:50:41.110+0000] {processor.py:830} INFO - Processing file /opt/airflow/dags/enrich_staging_rows_dag.py for tasks to queue
[2025-04-14T23:50:41.111+0000] {logging_mixin.py:188} INFO - [2025-04-14T23:50:41.111+0000] {dagbag.py:538} INFO - Filling up the DagBag from /opt/airflow/dags/enrich_staging_rows_dag.py
[2025-04-14T23:50:41.980+0000] {processor.py:840} INFO - DAG(s) 'enrich_staging_rows' retrieved from /opt/airflow/dags/enrich_staging_rows_dag.py
[2025-04-14T23:50:41.990+0000] {logging_mixin.py:188} INFO - [2025-04-14T23:50:41.990+0000] {dag.py:3036} INFO - Sync 1 DAGs
[2025-04-14T23:50:42.002+0000] {logging_mixin.py:188} INFO - [2025-04-14T23:50:42.001+0000] {dag.py:3823} INFO - Setting next_dagrun for enrich_staging_rows to 2025-04-14 00:00:00+00:00, run_after=2025-04-15 00:00:00+00:00
[2025-04-14T23:50:42.011+0000] {processor.py:183} INFO - Processing /opt/airflow/dags/enrich_staging_rows_dag.py took 0.905 seconds
[2025-04-14T23:51:12.386+0000] {processor.py:161} INFO - Started process (PID=59644) to work on /opt/airflow/dags/enrich_staging_rows_dag.py
[2025-04-14T23:51:12.386+0000] {processor.py:830} INFO - Processing file /opt/airflow/dags/enrich_staging_rows_dag.py for tasks to queue
[2025-04-14T23:51:12.387+0000] {logging_mixin.py:188} INFO - [2025-04-14T23:51:12.387+0000] {dagbag.py:538} INFO - Filling up the DagBag from /opt/airflow/dags/enrich_staging_rows_dag.py
[2025-04-14T23:51:13.277+0000] {processor.py:840} INFO - DAG(s) 'enrich_staging_rows' retrieved from /opt/airflow/dags/enrich_staging_rows_dag.py
[2025-04-14T23:51:13.302+0000] {logging_mixin.py:188} INFO - [2025-04-14T23:51:13.301+0000] {dag.py:3036} INFO - Sync 1 DAGs
[2025-04-14T23:51:13.313+0000] {logging_mixin.py:188} INFO - [2025-04-14T23:51:13.313+0000] {dag.py:3823} INFO - Setting next_dagrun for enrich_staging_rows to 2025-04-14 00:00:00+00:00, run_after=2025-04-15 00:00:00+00:00
[2025-04-14T23:51:13.323+0000] {processor.py:183} INFO - Processing /opt/airflow/dags/enrich_staging_rows_dag.py took 0.939 seconds
[2025-04-14T23:51:43.468+0000] {processor.py:161} INFO - Started process (PID=59722) to work on /opt/airflow/dags/enrich_staging_rows_dag.py
[2025-04-14T23:51:43.469+0000] {processor.py:830} INFO - Processing file /opt/airflow/dags/enrich_staging_rows_dag.py for tasks to queue
[2025-04-14T23:51:43.471+0000] {logging_mixin.py:188} INFO - [2025-04-14T23:51:43.470+0000] {dagbag.py:538} INFO - Filling up the DagBag from /opt/airflow/dags/enrich_staging_rows_dag.py
[2025-04-14T23:51:44.279+0000] {processor.py:840} INFO - DAG(s) 'enrich_staging_rows' retrieved from /opt/airflow/dags/enrich_staging_rows_dag.py
[2025-04-14T23:51:44.297+0000] {logging_mixin.py:188} INFO - [2025-04-14T23:51:44.297+0000] {dag.py:3036} INFO - Sync 1 DAGs
[2025-04-14T23:51:44.308+0000] {logging_mixin.py:188} INFO - [2025-04-14T23:51:44.308+0000] {dag.py:3823} INFO - Setting next_dagrun for enrich_staging_rows to 2025-04-14 00:00:00+00:00, run_after=2025-04-15 00:00:00+00:00
[2025-04-14T23:51:44.317+0000] {processor.py:183} INFO - Processing /opt/airflow/dags/enrich_staging_rows_dag.py took 0.852 seconds
[2025-04-14T23:52:15.082+0000] {processor.py:161} INFO - Started process (PID=59800) to work on /opt/airflow/dags/enrich_staging_rows_dag.py
[2025-04-14T23:52:15.083+0000] {processor.py:830} INFO - Processing file /opt/airflow/dags/enrich_staging_rows_dag.py for tasks to queue
[2025-04-14T23:52:15.086+0000] {logging_mixin.py:188} INFO - [2025-04-14T23:52:15.085+0000] {dagbag.py:538} INFO - Filling up the DagBag from /opt/airflow/dags/enrich_staging_rows_dag.py
[2025-04-14T23:52:16.079+0000] {processor.py:840} INFO - DAG(s) 'enrich_staging_rows' retrieved from /opt/airflow/dags/enrich_staging_rows_dag.py
[2025-04-14T23:52:16.094+0000] {logging_mixin.py:188} INFO - [2025-04-14T23:52:16.094+0000] {dag.py:3036} INFO - Sync 1 DAGs
[2025-04-14T23:52:16.106+0000] {logging_mixin.py:188} INFO - [2025-04-14T23:52:16.106+0000] {dag.py:3823} INFO - Setting next_dagrun for enrich_staging_rows to 2025-04-14 00:00:00+00:00, run_after=2025-04-15 00:00:00+00:00
[2025-04-14T23:52:16.115+0000] {processor.py:183} INFO - Processing /opt/airflow/dags/enrich_staging_rows_dag.py took 1.037 seconds
[2025-04-14T23:52:46.414+0000] {processor.py:161} INFO - Started process (PID=59863) to work on /opt/airflow/dags/enrich_staging_rows_dag.py
[2025-04-14T23:52:46.416+0000] {processor.py:830} INFO - Processing file /opt/airflow/dags/enrich_staging_rows_dag.py for tasks to queue
[2025-04-14T23:52:46.418+0000] {logging_mixin.py:188} INFO - [2025-04-14T23:52:46.418+0000] {dagbag.py:538} INFO - Filling up the DagBag from /opt/airflow/dags/enrich_staging_rows_dag.py
[2025-04-14T23:52:47.301+0000] {processor.py:840} INFO - DAG(s) 'enrich_staging_rows' retrieved from /opt/airflow/dags/enrich_staging_rows_dag.py
[2025-04-14T23:52:47.314+0000] {logging_mixin.py:188} INFO - [2025-04-14T23:52:47.313+0000] {dag.py:3036} INFO - Sync 1 DAGs
[2025-04-14T23:52:47.333+0000] {logging_mixin.py:188} INFO - [2025-04-14T23:52:47.333+0000] {dag.py:3823} INFO - Setting next_dagrun for enrich_staging_rows to 2025-04-14 00:00:00+00:00, run_after=2025-04-15 00:00:00+00:00
[2025-04-14T23:52:47.343+0000] {processor.py:183} INFO - Processing /opt/airflow/dags/enrich_staging_rows_dag.py took 0.931 seconds
[2025-04-14T23:53:17.719+0000] {processor.py:161} INFO - Started process (PID=59941) to work on /opt/airflow/dags/enrich_staging_rows_dag.py
[2025-04-14T23:53:17.720+0000] {processor.py:830} INFO - Processing file /opt/airflow/dags/enrich_staging_rows_dag.py for tasks to queue
[2025-04-14T23:53:17.723+0000] {logging_mixin.py:188} INFO - [2025-04-14T23:53:17.722+0000] {dagbag.py:538} INFO - Filling up the DagBag from /opt/airflow/dags/enrich_staging_rows_dag.py
[2025-04-14T23:53:18.612+0000] {processor.py:840} INFO - DAG(s) 'enrich_staging_rows' retrieved from /opt/airflow/dags/enrich_staging_rows_dag.py
[2025-04-14T23:53:18.632+0000] {logging_mixin.py:188} INFO - [2025-04-14T23:53:18.632+0000] {dag.py:3036} INFO - Sync 1 DAGs
[2025-04-14T23:53:18.652+0000] {logging_mixin.py:188} INFO - [2025-04-14T23:53:18.651+0000] {dag.py:3823} INFO - Setting next_dagrun for enrich_staging_rows to 2025-04-14 00:00:00+00:00, run_after=2025-04-15 00:00:00+00:00
[2025-04-14T23:53:18.661+0000] {processor.py:183} INFO - Processing /opt/airflow/dags/enrich_staging_rows_dag.py took 0.946 seconds
[2025-04-14T23:53:49.426+0000] {processor.py:161} INFO - Started process (PID=60019) to work on /opt/airflow/dags/enrich_staging_rows_dag.py
[2025-04-14T23:53:49.429+0000] {processor.py:830} INFO - Processing file /opt/airflow/dags/enrich_staging_rows_dag.py for tasks to queue
[2025-04-14T23:53:49.433+0000] {logging_mixin.py:188} INFO - [2025-04-14T23:53:49.432+0000] {dagbag.py:538} INFO - Filling up the DagBag from /opt/airflow/dags/enrich_staging_rows_dag.py
[2025-04-14T23:53:50.563+0000] {processor.py:840} INFO - DAG(s) 'enrich_staging_rows' retrieved from /opt/airflow/dags/enrich_staging_rows_dag.py
[2025-04-14T23:53:50.590+0000] {logging_mixin.py:188} INFO - [2025-04-14T23:53:50.589+0000] {dag.py:3036} INFO - Sync 1 DAGs
[2025-04-14T23:53:50.602+0000] {logging_mixin.py:188} INFO - [2025-04-14T23:53:50.602+0000] {dag.py:3823} INFO - Setting next_dagrun for enrich_staging_rows to 2025-04-14 00:00:00+00:00, run_after=2025-04-15 00:00:00+00:00
[2025-04-14T23:53:50.610+0000] {processor.py:183} INFO - Processing /opt/airflow/dags/enrich_staging_rows_dag.py took 1.193 seconds
[2025-04-14T23:54:20.760+0000] {processor.py:161} INFO - Started process (PID=60097) to work on /opt/airflow/dags/enrich_staging_rows_dag.py
[2025-04-14T23:54:20.762+0000] {processor.py:830} INFO - Processing file /opt/airflow/dags/enrich_staging_rows_dag.py for tasks to queue
[2025-04-14T23:54:20.764+0000] {logging_mixin.py:188} INFO - [2025-04-14T23:54:20.764+0000] {dagbag.py:538} INFO - Filling up the DagBag from /opt/airflow/dags/enrich_staging_rows_dag.py
[2025-04-14T23:54:21.764+0000] {processor.py:840} INFO - DAG(s) 'enrich_staging_rows' retrieved from /opt/airflow/dags/enrich_staging_rows_dag.py
[2025-04-14T23:54:21.796+0000] {logging_mixin.py:188} INFO - [2025-04-14T23:54:21.795+0000] {dag.py:3036} INFO - Sync 1 DAGs
[2025-04-14T23:54:21.809+0000] {logging_mixin.py:188} INFO - [2025-04-14T23:54:21.809+0000] {dag.py:3823} INFO - Setting next_dagrun for enrich_staging_rows to 2025-04-14 00:00:00+00:00, run_after=2025-04-15 00:00:00+00:00
[2025-04-14T23:54:21.818+0000] {processor.py:183} INFO - Processing /opt/airflow/dags/enrich_staging_rows_dag.py took 1.063 seconds
[2025-04-14T23:54:52.143+0000] {processor.py:161} INFO - Started process (PID=60160) to work on /opt/airflow/dags/enrich_staging_rows_dag.py
[2025-04-14T23:54:52.147+0000] {processor.py:830} INFO - Processing file /opt/airflow/dags/enrich_staging_rows_dag.py for tasks to queue
[2025-04-14T23:54:52.152+0000] {logging_mixin.py:188} INFO - [2025-04-14T23:54:52.152+0000] {dagbag.py:538} INFO - Filling up the DagBag from /opt/airflow/dags/enrich_staging_rows_dag.py
[2025-04-14T23:54:53.149+0000] {processor.py:840} INFO - DAG(s) 'enrich_staging_rows' retrieved from /opt/airflow/dags/enrich_staging_rows_dag.py
[2025-04-14T23:54:53.178+0000] {logging_mixin.py:188} INFO - [2025-04-14T23:54:53.178+0000] {dag.py:3036} INFO - Sync 1 DAGs
[2025-04-14T23:54:53.192+0000] {logging_mixin.py:188} INFO - [2025-04-14T23:54:53.192+0000] {dag.py:3823} INFO - Setting next_dagrun for enrich_staging_rows to 2025-04-14 00:00:00+00:00, run_after=2025-04-15 00:00:00+00:00
[2025-04-14T23:54:53.205+0000] {processor.py:183} INFO - Processing /opt/airflow/dags/enrich_staging_rows_dag.py took 1.072 seconds
[2025-04-14T23:55:23.671+0000] {processor.py:161} INFO - Started process (PID=60238) to work on /opt/airflow/dags/enrich_staging_rows_dag.py
[2025-04-14T23:55:23.675+0000] {processor.py:830} INFO - Processing file /opt/airflow/dags/enrich_staging_rows_dag.py for tasks to queue
[2025-04-14T23:55:23.686+0000] {logging_mixin.py:188} INFO - [2025-04-14T23:55:23.686+0000] {dagbag.py:538} INFO - Filling up the DagBag from /opt/airflow/dags/enrich_staging_rows_dag.py
[2025-04-14T23:55:24.721+0000] {processor.py:840} INFO - DAG(s) 'enrich_staging_rows' retrieved from /opt/airflow/dags/enrich_staging_rows_dag.py
[2025-04-14T23:55:24.731+0000] {logging_mixin.py:188} INFO - [2025-04-14T23:55:24.731+0000] {dag.py:3036} INFO - Sync 1 DAGs
[2025-04-14T23:55:24.749+0000] {logging_mixin.py:188} INFO - [2025-04-14T23:55:24.749+0000] {dag.py:3823} INFO - Setting next_dagrun for enrich_staging_rows to 2025-04-14 00:00:00+00:00, run_after=2025-04-15 00:00:00+00:00
[2025-04-14T23:55:24.757+0000] {processor.py:183} INFO - Processing /opt/airflow/dags/enrich_staging_rows_dag.py took 1.097 seconds
[2025-04-14T23:55:55.470+0000] {processor.py:161} INFO - Started process (PID=60318) to work on /opt/airflow/dags/enrich_staging_rows_dag.py
[2025-04-14T23:55:55.472+0000] {processor.py:830} INFO - Processing file /opt/airflow/dags/enrich_staging_rows_dag.py for tasks to queue
[2025-04-14T23:55:55.473+0000] {logging_mixin.py:188} INFO - [2025-04-14T23:55:55.473+0000] {dagbag.py:538} INFO - Filling up the DagBag from /opt/airflow/dags/enrich_staging_rows_dag.py
[2025-04-14T23:55:56.415+0000] {processor.py:840} INFO - DAG(s) 'enrich_staging_rows' retrieved from /opt/airflow/dags/enrich_staging_rows_dag.py
[2025-04-14T23:55:56.429+0000] {logging_mixin.py:188} INFO - [2025-04-14T23:55:56.428+0000] {dag.py:3036} INFO - Sync 1 DAGs
[2025-04-14T23:55:56.439+0000] {logging_mixin.py:188} INFO - [2025-04-14T23:55:56.439+0000] {dag.py:3823} INFO - Setting next_dagrun for enrich_staging_rows to 2025-04-14 00:00:00+00:00, run_after=2025-04-15 00:00:00+00:00
[2025-04-14T23:55:56.448+0000] {processor.py:183} INFO - Processing /opt/airflow/dags/enrich_staging_rows_dag.py took 0.986 seconds
[2025-04-14T23:56:26.713+0000] {processor.py:161} INFO - Started process (PID=60398) to work on /opt/airflow/dags/enrich_staging_rows_dag.py
[2025-04-14T23:56:26.714+0000] {processor.py:830} INFO - Processing file /opt/airflow/dags/enrich_staging_rows_dag.py for tasks to queue
[2025-04-14T23:56:26.715+0000] {logging_mixin.py:188} INFO - [2025-04-14T23:56:26.715+0000] {dagbag.py:538} INFO - Filling up the DagBag from /opt/airflow/dags/enrich_staging_rows_dag.py
[2025-04-14T23:56:27.673+0000] {processor.py:840} INFO - DAG(s) 'enrich_staging_rows' retrieved from /opt/airflow/dags/enrich_staging_rows_dag.py
[2025-04-14T23:56:27.687+0000] {logging_mixin.py:188} INFO - [2025-04-14T23:56:27.686+0000] {dag.py:3036} INFO - Sync 1 DAGs
[2025-04-14T23:56:27.699+0000] {logging_mixin.py:188} INFO - [2025-04-14T23:56:27.699+0000] {dag.py:3823} INFO - Setting next_dagrun for enrich_staging_rows to 2025-04-14 00:00:00+00:00, run_after=2025-04-15 00:00:00+00:00
[2025-04-14T23:56:27.709+0000] {processor.py:183} INFO - Processing /opt/airflow/dags/enrich_staging_rows_dag.py took 1.002 seconds
[2025-04-14T23:56:57.923+0000] {processor.py:161} INFO - Started process (PID=60467) to work on /opt/airflow/dags/enrich_staging_rows_dag.py
[2025-04-14T23:56:57.925+0000] {processor.py:830} INFO - Processing file /opt/airflow/dags/enrich_staging_rows_dag.py for tasks to queue
[2025-04-14T23:56:57.927+0000] {logging_mixin.py:188} INFO - [2025-04-14T23:56:57.926+0000] {dagbag.py:538} INFO - Filling up the DagBag from /opt/airflow/dags/enrich_staging_rows_dag.py
[2025-04-14T23:56:58.895+0000] {processor.py:840} INFO - DAG(s) 'enrich_staging_rows' retrieved from /opt/airflow/dags/enrich_staging_rows_dag.py
[2025-04-14T23:56:58.907+0000] {logging_mixin.py:188} INFO - [2025-04-14T23:56:58.907+0000] {dag.py:3036} INFO - Sync 1 DAGs
[2025-04-14T23:56:58.919+0000] {logging_mixin.py:188} INFO - [2025-04-14T23:56:58.919+0000] {dag.py:3823} INFO - Setting next_dagrun for enrich_staging_rows to 2025-04-14 00:00:00+00:00, run_after=2025-04-15 00:00:00+00:00
[2025-04-14T23:56:58.931+0000] {processor.py:183} INFO - Processing /opt/airflow/dags/enrich_staging_rows_dag.py took 1.014 seconds
[2025-04-14T23:57:29.619+0000] {processor.py:161} INFO - Started process (PID=60545) to work on /opt/airflow/dags/enrich_staging_rows_dag.py
[2025-04-14T23:57:29.622+0000] {processor.py:830} INFO - Processing file /opt/airflow/dags/enrich_staging_rows_dag.py for tasks to queue
[2025-04-14T23:57:29.626+0000] {logging_mixin.py:188} INFO - [2025-04-14T23:57:29.625+0000] {dagbag.py:538} INFO - Filling up the DagBag from /opt/airflow/dags/enrich_staging_rows_dag.py
[2025-04-14T23:57:30.767+0000] {processor.py:840} INFO - DAG(s) 'enrich_staging_rows' retrieved from /opt/airflow/dags/enrich_staging_rows_dag.py
[2025-04-14T23:57:30.779+0000] {logging_mixin.py:188} INFO - [2025-04-14T23:57:30.779+0000] {dag.py:3036} INFO - Sync 1 DAGs
[2025-04-14T23:57:30.789+0000] {logging_mixin.py:188} INFO - [2025-04-14T23:57:30.788+0000] {dag.py:3823} INFO - Setting next_dagrun for enrich_staging_rows to 2025-04-14 00:00:00+00:00, run_after=2025-04-15 00:00:00+00:00
[2025-04-14T23:57:30.797+0000] {processor.py:183} INFO - Processing /opt/airflow/dags/enrich_staging_rows_dag.py took 1.183 seconds
[2025-04-14T23:58:01.018+0000] {processor.py:161} INFO - Started process (PID=60623) to work on /opt/airflow/dags/enrich_staging_rows_dag.py
[2025-04-14T23:58:01.021+0000] {processor.py:830} INFO - Processing file /opt/airflow/dags/enrich_staging_rows_dag.py for tasks to queue
[2025-04-14T23:58:01.027+0000] {logging_mixin.py:188} INFO - [2025-04-14T23:58:01.027+0000] {dagbag.py:538} INFO - Filling up the DagBag from /opt/airflow/dags/enrich_staging_rows_dag.py
[2025-04-14T23:58:01.982+0000] {processor.py:840} INFO - DAG(s) 'enrich_staging_rows' retrieved from /opt/airflow/dags/enrich_staging_rows_dag.py
[2025-04-14T23:58:01.999+0000] {logging_mixin.py:188} INFO - [2025-04-14T23:58:01.999+0000] {dag.py:3036} INFO - Sync 1 DAGs
[2025-04-14T23:58:02.029+0000] {logging_mixin.py:188} INFO - [2025-04-14T23:58:02.029+0000] {dag.py:3823} INFO - Setting next_dagrun for enrich_staging_rows to 2025-04-14 00:00:00+00:00, run_after=2025-04-15 00:00:00+00:00
[2025-04-14T23:58:02.044+0000] {processor.py:183} INFO - Processing /opt/airflow/dags/enrich_staging_rows_dag.py took 1.034 seconds
[2025-04-14T23:58:32.678+0000] {processor.py:161} INFO - Started process (PID=60705) to work on /opt/airflow/dags/enrich_staging_rows_dag.py
[2025-04-14T23:58:32.682+0000] {processor.py:830} INFO - Processing file /opt/airflow/dags/enrich_staging_rows_dag.py for tasks to queue
[2025-04-14T23:58:32.683+0000] {logging_mixin.py:188} INFO - [2025-04-14T23:58:32.683+0000] {dagbag.py:538} INFO - Filling up the DagBag from /opt/airflow/dags/enrich_staging_rows_dag.py
[2025-04-14T23:58:33.488+0000] {processor.py:840} INFO - DAG(s) 'enrich_staging_rows' retrieved from /opt/airflow/dags/enrich_staging_rows_dag.py
[2025-04-14T23:58:33.502+0000] {logging_mixin.py:188} INFO - [2025-04-14T23:58:33.502+0000] {dag.py:3036} INFO - Sync 1 DAGs
[2025-04-14T23:58:33.514+0000] {logging_mixin.py:188} INFO - [2025-04-14T23:58:33.514+0000] {dag.py:3823} INFO - Setting next_dagrun for enrich_staging_rows to 2025-04-14 00:00:00+00:00, run_after=2025-04-15 00:00:00+00:00
[2025-04-14T23:58:33.522+0000] {processor.py:183} INFO - Processing /opt/airflow/dags/enrich_staging_rows_dag.py took 0.849 seconds
[2025-04-14T23:59:04.014+0000] {processor.py:161} INFO - Started process (PID=60768) to work on /opt/airflow/dags/enrich_staging_rows_dag.py
[2025-04-14T23:59:04.021+0000] {processor.py:830} INFO - Processing file /opt/airflow/dags/enrich_staging_rows_dag.py for tasks to queue
[2025-04-14T23:59:04.022+0000] {logging_mixin.py:188} INFO - [2025-04-14T23:59:04.022+0000] {dagbag.py:538} INFO - Filling up the DagBag from /opt/airflow/dags/enrich_staging_rows_dag.py
[2025-04-14T23:59:05.109+0000] {processor.py:840} INFO - DAG(s) 'enrich_staging_rows' retrieved from /opt/airflow/dags/enrich_staging_rows_dag.py
[2025-04-14T23:59:05.120+0000] {logging_mixin.py:188} INFO - [2025-04-14T23:59:05.119+0000] {dag.py:3036} INFO - Sync 1 DAGs
[2025-04-14T23:59:05.131+0000] {logging_mixin.py:188} INFO - [2025-04-14T23:59:05.131+0000] {dag.py:3823} INFO - Setting next_dagrun for enrich_staging_rows to 2025-04-14 00:00:00+00:00, run_after=2025-04-15 00:00:00+00:00
[2025-04-14T23:59:05.146+0000] {processor.py:183} INFO - Processing /opt/airflow/dags/enrich_staging_rows_dag.py took 1.138 seconds
[2025-04-14T23:59:35.733+0000] {processor.py:161} INFO - Started process (PID=60854) to work on /opt/airflow/dags/enrich_staging_rows_dag.py
[2025-04-14T23:59:35.735+0000] {processor.py:830} INFO - Processing file /opt/airflow/dags/enrich_staging_rows_dag.py for tasks to queue
[2025-04-14T23:59:35.737+0000] {logging_mixin.py:188} INFO - [2025-04-14T23:59:35.737+0000] {dagbag.py:538} INFO - Filling up the DagBag from /opt/airflow/dags/enrich_staging_rows_dag.py
[2025-04-14T23:59:36.873+0000] {processor.py:840} INFO - DAG(s) 'enrich_staging_rows' retrieved from /opt/airflow/dags/enrich_staging_rows_dag.py
[2025-04-14T23:59:36.883+0000] {logging_mixin.py:188} INFO - [2025-04-14T23:59:36.883+0000] {dag.py:3036} INFO - Sync 1 DAGs
[2025-04-14T23:59:36.894+0000] {logging_mixin.py:188} INFO - [2025-04-14T23:59:36.893+0000] {dag.py:3823} INFO - Setting next_dagrun for enrich_staging_rows to 2025-04-14 00:00:00+00:00, run_after=2025-04-15 00:00:00+00:00
[2025-04-14T23:59:36.901+0000] {processor.py:183} INFO - Processing /opt/airflow/dags/enrich_staging_rows_dag.py took 1.172 seconds
