[2025-04-10T17:51:36.944+0000] {taskinstance.py:1956} INFO - Dependencies all met for dep_context=non-requeueable deps ti=<TaskInstance: isoloops_ingest.load_to_snowflake manual__2025-04-10T17:51:34.268965+00:00 [queued]>
[2025-04-10T17:51:36.947+0000] {taskinstance.py:1956} INFO - Dependencies all met for dep_context=requeueable deps ti=<TaskInstance: isoloops_ingest.load_to_snowflake manual__2025-04-10T17:51:34.268965+00:00 [queued]>
[2025-04-10T17:51:36.947+0000] {taskinstance.py:2170} INFO - Starting attempt 1 of 1
[2025-04-10T17:51:36.952+0000] {taskinstance.py:2191} INFO - Executing <Task(PythonOperator): load_to_snowflake> on 2025-04-10 17:51:34.268965+00:00
[2025-04-10T17:51:36.956+0000] {standard_task_runner.py:60} INFO - Started process 149 to run task
[2025-04-10T17:51:36.958+0000] {standard_task_runner.py:87} INFO - Running: ['***', 'tasks', 'run', 'isoloops_ingest', 'load_to_snowflake', 'manual__2025-04-10T17:51:34.268965+00:00', '--job-id', '106', '--raw', '--subdir', 'DAGS_FOLDER/isoloops_ingest.py', '--cfg-path', '/tmp/tmps8dguhlv']
[2025-04-10T17:51:36.959+0000] {standard_task_runner.py:88} INFO - Job 106: Subtask load_to_snowflake
[2025-04-10T17:51:36.979+0000] {task_command.py:423} INFO - Running <TaskInstance: isoloops_ingest.load_to_snowflake manual__2025-04-10T17:51:34.268965+00:00 [running]> on host eea5da768a45
[2025-04-10T17:51:37.013+0000] {taskinstance.py:2480} INFO - Exporting env vars: AIRFLOW_CTX_DAG_OWNER='***' AIRFLOW_CTX_DAG_ID='isoloops_ingest' AIRFLOW_CTX_TASK_ID='load_to_snowflake' AIRFLOW_CTX_EXECUTION_DATE='2025-04-10T17:51:34.268965+00:00' AIRFLOW_CTX_TRY_NUMBER='1' AIRFLOW_CTX_DAG_RUN_ID='manual__2025-04-10T17:51:34.268965+00:00'
[2025-04-10T17:51:38.257+0000] {taskinstance.py:2698} ERROR - Task failed with exception
Traceback (most recent call last):
  File "/home/airflow/.local/lib/python3.8/site-packages/airflow/models/taskinstance.py", line 433, in _execute_task
    result = execute_callable(context=context, **execute_callable_kwargs)
  File "/home/airflow/.local/lib/python3.8/site-packages/airflow/operators/python.py", line 199, in execute
    return_value = self.execute_callable()
  File "/home/airflow/.local/lib/python3.8/site-packages/airflow/operators/python.py", line 216, in execute_callable
    return self.python_callable(*self.op_args, **self.op_kwargs)
  File "/opt/airflow/dags/isoloops_ingest.py", line 22, in run_loader
    subprocess.run(["python3", "/opt/airflow/dags/load_to_snowflake.py"], check=True)
  File "/usr/local/lib/python3.8/subprocess.py", line 516, in run
    raise CalledProcessError(retcode, process.args,
subprocess.CalledProcessError: Command '['python3', '/opt/airflow/dags/load_to_snowflake.py']' returned non-zero exit status 1.
[2025-04-10T17:51:38.266+0000] {taskinstance.py:1138} INFO - Marking task as FAILED. dag_id=isoloops_ingest, task_id=load_to_snowflake, execution_date=20250410T175134, start_date=20250410T175136, end_date=20250410T175138
[2025-04-10T17:51:38.275+0000] {standard_task_runner.py:107} ERROR - Failed to execute job 106 for task load_to_snowflake (Command '['python3', '/opt/airflow/dags/load_to_snowflake.py']' returned non-zero exit status 1.; 149)
[2025-04-10T17:51:38.291+0000] {local_task_job_runner.py:234} INFO - Task exited with return code 1
[2025-04-10T17:51:38.303+0000] {taskinstance.py:3280} INFO - 0 downstream tasks scheduled from follow-on schedule check
